FILE_TYPE=LIBRARY_PARTS;
PRIMITIVE 'DLF162500LT_5028A1','DLF162500LT_5028A1_Other';
  PIN
    'IN':
      PIN_NUMBER='(1)';
      NO_LOAD_CHECK=BOTH;
      NO_IO_CHECK=BOTH;
      ALLOW_CONNECT=TRUE;
      PINUSE='UNSPEC';
    'GND_1':
      PIN_NUMBER='(2)';
      NO_LOAD_CHECK=BOTH;
      NO_IO_CHECK=BOTH;
      ALLOW_CONNECT=TRUE;
      PINUSE='UNSPEC';
    'OUT':
      PIN_NUMBER='(3)';
      NO_LOAD_CHECK=BOTH;
      NO_IO_CHECK=BOTH;
      ALLOW_CONNECT=TRUE;
      PINUSE='UNSPEC';
    'GND_2':
      PIN_NUMBER='(4)';
      NO_LOAD_CHECK=BOTH;
      NO_IO_CHECK=BOTH;
      ALLOW_CONNECT=TRUE;
      PINUSE='UNSPEC';
  END_PIN;
  BODY
    PART_NAME='DLF162500LT_5028A1';
    PHYS_DES_PREFIX='FL';
    NO_LOAD_CHECK='TRUE';
    PIN_COUNT='4';
    BODY_NAME='DLF162500LT_5028A1';
    JEDEC_TYPE='DLF162500LT5028A1';
  END_BODY;
END_PRIMITIVE;
END.
