Removed Pin From Net: NetName=GND Pin=BT?-1
Removed Pin From Net: NetName=GND Pin=C?-1
Removed Pin From Net: NetName=+5 Pin=C?-2
Removed Pin From Net: NetName=NetC?_2 Pin=C?-2
Removed Pin From Net: NetName=VDD Pin=C?-2
Removed Pin From Net: NetName=VDD Pin=C?-2
Removed Pin From Net: NetName=VREG_5V Pin=C?-2
Removed Pin From Net: NetName=VREG_5V Pin=C?-2
Remove Pin from Net: Failed to remove Pin
Removed Pin From Net: NetName=VDD Pin=R?-2
Removed Pin From Net: NetName=VREG_5V Pin=R?-2
Removed Pin From Net: NetName=GND Pin=U?-3
Removed Pin From Net: NetName=+5 Pin=U?-4
Removed Pin From Net: NetName=+5 Pin=U?-5
Removed Pin From Net: NetName=+5 Pin=U?-6
Removed Pin From Net: NetName=NetC?_2 Pin=U?-7
Removed Pin From Net: NetName=+5 Pin=U?-8
Removed Pin From Net: NetName=VDD Pin=U?-11
Removed Pin From Net: NetName=VDD Pin=U?-12
Removed Pin From Net: NetName=GND Pin=U?-13
Removed Pin From Net: NetName=VREG_5V Pin=U?-14
Removed Pin From Net: NetName=VREG_5V Pin=U?-15
Removed Member From Class: ClassName=Power_Supply Member=BT?
Change Component Footprint: Designator=P? Old Footprint=61300311121 New Footprint=61300311121
Change Footprint: Footprint Not Found C-1608 [0603]-N
Change Footprint: Footprint Not Found C-1608 [0603]-N
Change Footprint: Footprint Not Found C-1608 [0603]-N
Change Footprint: Footprint Not Found C-1608 [0603]-N
Change Footprint: Footprint Not Found C-1608 [0603]-N
Change Footprint: Footprint Not Found C-1608 [0603]-N
Change Footprint: Footprint Not Found C-1608 [0603]-N
Change Footprint: Footprint Not Found C-1608 [0603]-N
Change Footprint: Footprint Not Found SOT-23/6
Change Footprint: Footprint Not Found R-1608 [0603]-N
Change Footprint: Footprint Not Found C-1608 [0603]-N
Change Component Comment : Designator=R? Old Comment=1.15k New Comment=10k
Change Component Comment : Designator=R? Old Comment=10.5k New Comment=2k
Change Component Comment : Designator=C? Old Comment=10nF New Comment=4.7u
Change Component Comment : Designator=C? Old Comment=10nF New Comment=10u
Change Component Comment : Designator=C? Old Comment=10uF New Comment=2.2u
Change Component Comment : Designator=C? Old Comment=10uF New Comment=4.7u
Change Component Comment : Designator=C? Old Comment=10uF New Comment=10u
Change Component Comment : Designator=C? Old Comment=10uF New Comment=220n
Change Component Comment : Designator=C? Old Comment=100nF New Comment=4.7u
Change Component Comment : Designator=C? Old Comment=100nF New Comment=10u
Change Component Comment : Designator=U? Old Comment=TPS7A8801RTJT New Comment=REG710NA-3.3
Change Managed Component Library Link : Designator=C? Old VaultGUID=B7D15EC3-160A-466F-A46C-7801FE6295A7 New VaultGUID= Old ItemGUID=FBC477B4-40F4-40DC-B87C-C4741D060168 New ItemGUID= Old RevisionGUID=B8081B6D-2D82-4EC7-9D27-B6D5B23EF644 New RevisionGUID=
Change Managed Component Library Link : Designator=C? Old VaultGUID=B7D15EC3-160A-466F-A46C-7801FE6295A7 New VaultGUID= Old ItemGUID=34833BB1-BB92-4981-851C-45053F04873E New ItemGUID= Old RevisionGUID=CCFBE392-2D58-47F4-BFD6-D709D6E0C758 New RevisionGUID=
Change Managed Component Library Link : Designator=C? Old VaultGUID=B7D15EC3-160A-466F-A46C-7801FE6295A7 New VaultGUID= Old ItemGUID=74402EA6-9AB4-495D-9E53-2CE07BEBD5C4 New ItemGUID= Old RevisionGUID=F80061EB-9CD4-45C6-A521-0B20217D4916 New RevisionGUID=
Change Managed Component Library Link : Designator=C? Old VaultGUID=B7D15EC3-160A-466F-A46C-7801FE6295A7 New VaultGUID= Old ItemGUID=34833BB1-BB92-4981-851C-45053F04873E New ItemGUID= Old RevisionGUID=CCFBE392-2D58-47F4-BFD6-D709D6E0C758 New RevisionGUID=
Change Managed Component Library Link : Designator=C? Old VaultGUID=B7D15EC3-160A-466F-A46C-7801FE6295A7 New VaultGUID= Old ItemGUID=74402EA6-9AB4-495D-9E53-2CE07BEBD5C4 New ItemGUID= Old RevisionGUID=F80061EB-9CD4-45C6-A521-0B20217D4916 New RevisionGUID=
Change Managed Component Library Link : Designator=C? Old VaultGUID=B7D15EC3-160A-466F-A46C-7801FE6295A7 New VaultGUID= Old ItemGUID=34833BB1-BB92-4981-851C-45053F04873E New ItemGUID= Old RevisionGUID=CCFBE392-2D58-47F4-BFD6-D709D6E0C758 New RevisionGUID=
Change Managed Component Library Link : Designator=C? Old VaultGUID=B7D15EC3-160A-466F-A46C-7801FE6295A7 New VaultGUID= Old ItemGUID=FBC477B4-40F4-40DC-B87C-C4741D060168 New ItemGUID= Old RevisionGUID=B8081B6D-2D82-4EC7-9D27-B6D5B23EF644 New RevisionGUID=
Change Managed Component Library Link : Designator=C? Old VaultGUID=B7D15EC3-160A-466F-A46C-7801FE6295A7 New VaultGUID= Old ItemGUID=34833BB1-BB92-4981-851C-45053F04873E New ItemGUID= Old RevisionGUID=CCFBE392-2D58-47F4-BFD6-D709D6E0C758 New RevisionGUID=
Change Managed Component Library Link : Designator=R? Old VaultGUID=B7D15EC3-160A-466F-A46C-7801FE6295A7 New VaultGUID= Old ItemGUID=C09BF517-6EC2-4F9B-B6DB-DA801CB3BEBB New ItemGUID= Old RevisionGUID=3D9610D8-4EAD-488D-B0C3-851731757E13 New RevisionGUID=
Change Managed Component Library Link : Designator=R? Old VaultGUID=B7D15EC3-160A-466F-A46C-7801FE6295A7 New VaultGUID= Old ItemGUID=050C2040-DB89-4848-839D-EA5A53FC2CD2 New ItemGUID= Old RevisionGUID=7BD079D3-C350-42EF-B604-B242BAB149AD New RevisionGUID=
Change Managed Component Library Link : Designator=U? Old VaultGUID=B7D15EC3-160A-466F-A46C-7801FE6295A7 New VaultGUID= Old ItemGUID=9F980481-6040-49E0-9BA8-E2660473C329 New ItemGUID= Old RevisionGUID=3BB4FD5D-31B8-4B9E-9B56-7EE765B038AB New RevisionGUID=
Change component parameters: Designator = "C?" ("C?"); Footprint = "FP-CGA3E-0_3-0_1-IPC_A"; UniqueID = "\VIBVFSZV" ("\VIBVFSZV")
Change component parameters (AddParameter): Name = "Supplier 1"; Value = "Mouser"; VariantName = "[No Variations]"
Change component parameters (AddParameter): Name = "Supplier Part Number 1"; Value = "810-C1608X5R1C475KE"; VariantName = "[No Variations]"
Change component parameters: Designator = "C?" ("C?"); Footprint = "FP-C1608-080-0_1-IPC_B"; UniqueID = "\YZTMNIOZ" ("\YZTMNIOZ")
Change component parameters (AddParameter): Name = "Supplier 1"; Value = "Mouser"; VariantName = "[No Variations]"
Change component parameters (AddParameter): Name = "Supplier Part Number 1"; Value = "81-GRM188R61E225KA2D"; VariantName = "[No Variations]"
Change component parameters: Designator = "C?" ("C?"); Footprint = "FP-CGA3E-0_3-0_1-IPC_B"; UniqueID = "\AFJKQXZH" ("\AFJKQXZH")
Change component parameters (AddParameter): Name = "Supplier 1"; Value = "Mouser"; VariantName = "[No Variations]"
Change component parameters (AddParameter): Name = "Supplier Part Number 1"; Value = "81-GRM188R61E106KA3J"; VariantName = "[No Variations]"
Change component parameters: Designator = "C?" ("C?"); Footprint = "FP-C1608-080-0_1-IPC_B"; UniqueID = "\VEQAALJC" ("\VEQAALJC")
Change component parameters (AddParameter): Name = "Supplier 1"; Value = "Mouser"; VariantName = "[No Variations]"
Change component parameters (AddParameter): Name = "Supplier Part Number 1"; Value = "810-CGA3E3X7R1H224K"; VariantName = "[No Variations]"
Change component parameters: Designator = "C?" ("C?"); Footprint = "FP-CGA3E-0_3-0_1-IPC_B"; UniqueID = "\IBELULPW" ("\IBELULPW")
Change component parameters (AddParameter): Name = "Supplier 1"; Value = "Mouser"; VariantName = "[No Variations]"
Change component parameters (AddParameter): Name = "Supplier Part Number 1"; Value = "810-C1608X5R1C475KE"; VariantName = "[No Variations]"
Change component parameters: Designator = "C?" ("C?"); Footprint = "FP-C1608-080-0_1-IPC_B"; UniqueID = "\ZDXLFOBD" ("\ZDXLFOBD")
Change component parameters (AddParameter): Name = "Supplier 1"; Value = "Mouser"; VariantName = "[No Variations]"
Change component parameters (AddParameter): Name = "Supplier Part Number 1"; Value = "81-GRM188R61E106KA3J"; VariantName = "[No Variations]"
Change component parameters: Designator = "C?" ("C?"); Footprint = "FP-CGA3E-0_3-0_1-IPC_A"; UniqueID = "\PCUFMUVB" ("\PCUFMUVB")
Change component parameters (AddParameter): Name = "Supplier 1"; Value = "Mouser"; VariantName = "[No Variations]"
Change component parameters (AddParameter): Name = "Supplier Part Number 1"; Value = "81-GRM188R61E106KA3J"; VariantName = "[No Variations]"
Change component parameters: Designator = "C?" ("C?"); Footprint = "FP-C1608-080-0_1-IPC_B"; UniqueID = "\EJQJJMIX" ("\EJQJJMIX")
Change component parameters (AddParameter): Name = "Supplier 1"; Value = "Mouser"; VariantName = "[No Variations]"
Change component parameters (AddParameter): Name = "Supplier Part Number 1"; Value = "810-C1608X5R1C475KE"; VariantName = "[No Variations]"
Change component parameters: Designator = "R?" ("R?"); Footprint = "RESC1608X55X30NL20T20"; UniqueID = "\MNFHNJAB" ("\MNFHNJAB")
Change component parameters (AddParameter): Name = "Case Code (Imperial)"; Value = "0603"; VariantName = "[No Variations]"
Change component parameters (AddParameter): Name = "Case Code (Metric)"; Value = "1608"; VariantName = "[No Variations]"
Change component parameters (AddParameter): Name = "Case/Package"; Value = "0603"; VariantName = "[No Variations]"
Change component parameters (AddParameter): Name = "ComponentLink1Description"; Value = "http://www.farnell.com/datasheets/2052875.pdf"; VariantName = "[No Variations]"
Change component parameters (AddParameter): Name = "ComponentLink1URL"; Value = "http://www.farnell.com/datasheets/2052875.pdf"; VariantName = "[No Variations]"
Change component parameters (AddParameter): Name = "ComponentLink2Description"; Value = "http://www.farnell.com/datasheets/1776116.pdf"; VariantName = "[No Variations]"
Change component parameters (AddParameter): Name = "ComponentLink2URL"; Value = "http://www.farnell.com/datasheets/1776116.pdf"; VariantName = "[No Variations]"
Change component parameters (AddParameter): Name = "ComponentLink3Description"; Value = "http://www.farnell.com/datasheets/2059650.pdf"; VariantName = "[No Variations]"
Change component parameters (AddParameter): Name = "ComponentLink3URL"; Value = "http://www.farnell.com/datasheets/2059650.pdf"; VariantName = "[No Variations]"
Change component parameters (AddParameter): Name = "ComponentLink4Description"; Value = "http://www.alliedelec.com/m/d/b6b0537e86f421aa7f5975bb1d8f429a.pdf"; VariantName = "[No Variations]"
Change component parameters (AddParameter): Name = "ComponentLink4URL"; Value = "http://www.alliedelec.com/m/d/b6b0537e86f421aa7f5975bb1d8f429a.pdf"; VariantName = "[No Variations]"
Change component parameters (AddParameter): Name = "ComponentLink5Description"; Value = "http://www.farnell.com/datasheets/485442.pdf"; VariantName = "[No Variations]"
Change component parameters (AddParameter): Name = "ComponentLink5URL"; Value = "http://www.farnell.com/datasheets/485442.pdf"; VariantName = "[No Variations]"
Change component parameters (AddParameter): Name = "ComponentLink6Description"; Value = "https://www.distrelec.biz/Web/Downloads/_t/ds/ERA_eng_tds.pdf?mime=application%2Fpdf"; VariantName = "[No Variations]"
Change component parameters (AddParameter): Name = "ComponentLink6URL"; Value = "https://www.distrelec.biz/Web/Downloads/_t/ds/ERA_eng_tds.pdf?mime=application%2Fpdf"; VariantName = "[No Variations]"
Change component parameters (AddParameter): Name = "ComponentLink7Description"; Value = "http://industrial.panasonic.com/www-data/pdf/AOA0000/AOA0000CE26.pdf"; VariantName = "[No Variations]"
Change component parameters (AddParameter): Name = "ComponentLink7URL"; Value = "http://industrial.panasonic.com/www-data/pdf/AOA0000/AOA0000CE26.pdf"; VariantName = "[No Variations]"
Change component parameters (AddParameter): Name = "ComponentLink8Description"; Value = "http://www.produktinfo.conrad.com/datenblaetter/450000-474999/450879-da-01-en-WIDERSTAND_0603_ERA.pdf"; VariantName = "[No Variations]"
Change component parameters (AddParameter): Name = "ComponentLink8URL"; Value = "http://www.produktinfo.conrad.com/datenblaetter/450000-474999/450879-da-01-en-WIDERSTAND_0603_ERA.pdf"; VariantName = "[No Variations]"
Change component parameters (AddParameter): Name = "Composition"; Value = "Thin Film"; VariantName = "[No Variations]"
Change component parameters (AddParameter): Name = "Contact Plating"; Value = "Tin"; VariantName = "[No Variations]"
Change component parameters (AddParameter): Name = "Depth"; Value = "0.8mm"; VariantName = "[No Variations]"
Change component parameters (AddParameter): Name = "Description 1"; Value = "PANASONIC ELECTRONIC COMPONENTS         ERA3AEB202V             SMD Chip Resistor, Thin Film, 2 kohm, 75 V, 0603 [1608 Metric], 100 mW,  0.1%, ERA Series"; VariantName = "[No Variations]"
Change component parameters (AddParameter): Name = "Height"; Value = "0.45mm"; VariantName = "[No Variations]"
Change component parameters (AddParameter): Name = "Lead Free"; Value = "Lead Free"; VariantName = "[No Variations]"
Change component parameters (AddParameter): Name = "Length"; Value = "1.6mm"; VariantName = "[No Variations]"
Change component parameters (AddParameter): Name = "Manufacturer"; Value = "Panasonic"; VariantName = "[No Variations]"
Change component parameters (AddParameter): Name = "Manufacturer Part Number"; Value = "ERA-3AEB202V"; VariantName = "[No Variations]"
Change component parameters (AddParameter): Name = "Max Operating Temperature"; Value = "155°C"; VariantName = "[No Variations]"
Change component parameters (AddParameter): Name = "Max Power Dissipation"; Value = "100mW"; VariantName = "[No Variations]"
Change component parameters (AddParameter): Name = "Military Standard"; Value = "Not"; VariantName = "[No Variations]"
Change component parameters (AddParameter): Name = "Min Operating Temperature"; Value = "-55°C"; VariantName = "[No Variations]"
Change component parameters (AddParameter): Name = "Mount"; Value = "Surface Mount"; VariantName = "[No Variations]"
Change component parameters (AddParameter): Name = "Number of Pins"; Value = "2"; VariantName = "[No Variations]"
Change component parameters (AddParameter): Name = "Number of Terminations"; Value = "2"; VariantName = "[No Variations]"
Change component parameters (AddParameter): Name = "Package Quantity"; Value = "5000"; VariantName = "[No Variations]"
Change component parameters (AddParameter): Name = "Packaging"; Value = "Tape and Reel"; VariantName = "[No Variations]"
Change component parameters (AddParameter): Name = "Power Rating"; Value = "100mW"; VariantName = "[No Variations]"
Change component parameters (AddParameter): Name = "Radiation Hardening"; Value = "No"; VariantName = "[No Variations]"
Change component parameters (AddParameter): Name = "REACH SVHC"; Value = "No SVHC"; VariantName = "[No Variations]"
Change component parameters (AddParameter): Name = "Resistance"; Value = "2kR"; VariantName = "[No Variations]"
Change component parameters (AddParameter): Name = "Stock 1"; Value = "0"; VariantName = "[No Variations]"
Change component parameters (AddParameter): Name = "Supplier 1"; Value = "Farnell"; VariantName = "[No Variations]"
Change component parameters (AddParameter): Name = "Supplier Part Number 1"; Value = "1811500RL"; VariantName = "[No Variations]"
Change component parameters (AddParameter): Name = "Temperature Coefficient"; Value = "25ppm/°C"; VariantName = "[No Variations]"
Change component parameters (AddParameter): Name = "Termination"; Value = "SMD/SMT"; VariantName = "[No Variations]"
Change component parameters (AddParameter): Name = "Tolerance"; Value = "0.1%"; VariantName = "[No Variations]"
Change component parameters (AddParameter): Name = "Voltage Rating"; Value = "75V"; VariantName = "[No Variations]"
Change component parameters (AddParameter): Name = "Voltage Rating (DC)"; Value = "75V"; VariantName = "[No Variations]"
Change component parameters (AddParameter): Name = "Width"; Value = "0.8mm"; VariantName = "[No Variations]"
Change component parameters (AddParameter): Name = "Working Voltage"; Value = "75V"; VariantName = "[No Variations]"
Change component parameters: Designator = "R?" ("R?"); Footprint = "RESC1608X55X30LL20T20"; UniqueID = "\MTEHMERP" ("\MTEHMERP")
Change component parameters (AddParameter): Name = "Case Code (Imperial)"; Value = "0603"; VariantName = "[No Variations]"
Change component parameters (AddParameter): Name = "Case Code (Metric)"; Value = "1608"; VariantName = "[No Variations]"
Change component parameters (AddParameter): Name = "Case/Package"; Value = "0603"; VariantName = "[No Variations]"
Change component parameters (AddParameter): Name = "ComponentLink1Description"; Value = "http://www.mouser.com/ds/2/210/ASC_WR_V-247980.pdf"; VariantName = "[No Variations]"
Change component parameters (AddParameter): Name = "ComponentLink1URL"; Value = "http://www.mouser.com/ds/2/210/ASC_WR_V-247980.pdf"; VariantName = "[No Variations]"
Change component parameters (AddParameter): Name = "Composition"; Value = "Thick Film"; VariantName = "[No Variations]"
Change component parameters (AddParameter): Name = "Contact Material"; Value = "Tin"; VariantName = "[No Variations]"
Change component parameters (AddParameter): Name = "Depth"; Value = "0.8mm"; VariantName = "[No Variations]"
Change component parameters (AddParameter): Name = "Lead Free"; Value = "Lead Free"; VariantName = "[No Variations]"
Change component parameters (AddParameter): Name = "Length"; Value = "1.6mm"; VariantName = "[No Variations]"
Change component parameters (AddParameter): Name = "Manufacturer"; Value = "Walsin Technologies"; VariantName = "[No Variations]"
Change component parameters (AddParameter): Name = "Manufacturer Part Number"; Value = "WR06X1002FTL"; VariantName = "[No Variations]"
Change component parameters (AddParameter): Name = "Max Operating Temperature"; Value = "155°C"; VariantName = "[No Variations]"
Change component parameters (AddParameter): Name = "Military Standard"; Value = "Not"; VariantName = "[No Variations]"
Change component parameters (AddParameter): Name = "Min Operating Temperature"; Value = "-55°C"; VariantName = "[No Variations]"
Change component parameters (AddParameter): Name = "Mount"; Value = "Surface Mount"; VariantName = "[No Variations]"
Change component parameters (AddParameter): Name = "Number of Terminations"; Value = "2"; VariantName = "[No Variations]"
Change component parameters (AddParameter): Name = "Packaging"; Value = "Tape and Reel"; VariantName = "[No Variations]"
Change component parameters (AddParameter): Name = "Power Rating"; Value = "100mW"; VariantName = "[No Variations]"
Change component parameters (AddParameter): Name = "Pricing 1"; Value = "1=0.1, 10=0.1, 50=0.1, 100=0.1, 1000=0.1, 10000=0.003 (USD)"; VariantName = "[No Variations]"
Change component parameters (AddParameter): Name = "REACH SVHC"; Value = "Unknown"; VariantName = "[No Variations]"
Change component parameters (AddParameter): Name = "Resistance"; Value = "10kR"; VariantName = "[No Variations]"
Change component parameters (AddParameter): Name = "Stock 1"; Value = "25713"; VariantName = "[No Variations]"
Change component parameters (AddParameter): Name = "Supplier 1"; Value = "Mouser"; VariantName = "[No Variations]"
Change component parameters (AddParameter): Name = "Supplier Part Number 1"; Value = "791-WR06X1002FTL"; VariantName = "[No Variations]"
Change component parameters (AddParameter): Name = "Temperature Coefficient"; Value = "100ppm/°C"; VariantName = "[No Variations]"
Change component parameters (AddParameter): Name = "Termination"; Value = "SMD/SMT"; VariantName = "[No Variations]"
Change component parameters (AddParameter): Name = "Tolerance"; Value = "1%"; VariantName = "[No Variations]"
Change component parameters (AddParameter): Name = "Voltage Rating"; Value = "50V"; VariantName = "[No Variations]"
Change component parameters (AddParameter): Name = "Voltage Rating (DC)"; Value = "75V"; VariantName = "[No Variations]"
Change component parameters (AddParameter): Name = "Working Voltage"; Value = "75V"; VariantName = "[No Variations]"
Change component parameters: Designator = "U?" ("U?"); Footprint = "FP-RTJ0020D-MFG"; UniqueID = "\JHUXAITL" ("\JHUXAITL")
Change component parameters (AddParameter): Name = "Supplier 1"; Value = "Mouser"; VariantName = "[No Variations]"
Change component parameters (AddParameter): Name = "Supplier Part Number 1"; Value = "595-REG710NA-3.3/3K"; VariantName = "[No Variations]"
Add Component: Footprint Not Found XC6210B502PRG
Add Component: Footprint Not Found C-1608 [0603]-N
Add Component: Footprint Not Found SOD-123-D
Add Component: Footprint Not Found C-1608 [0603]-N
Added Component: Designator=IC?(DSBGA09_1P206X1P306_TEX)
Add component (AddParameter): Name = "Component Type"; Value = "Standard"; VariantName = "[No Variations]"
Add component (AddParameter): Name = "Copyright"; Value = "Copyright (C) 2024 Ultra Librarian. All rights reserved."; VariantName = "[No Variations]"
Add component (AddParameter): Name = "Design Item ID"; Value = "TPS612592YFFR"; VariantName = "[No Variations]"
Add component (AddParameter): Name = "Manufacturer_Part_Number"; Value = "TPS612592YFFR"; VariantName = "[No Variations]"
Add component (AddParameter): Name = "Mfr_Name"; Value = "Texas Instruments"; VariantName = "[No Variations]"
Add component (AddParameter): Name = "Pins"; Value = "9"; VariantName = "[No Variations]"
Add component (AddParameter): Name = "RefDes"; Value = "RefDes"; VariantName = "[No Variations]"
Add component (AddParameter): Name = "Source"; Value = "TPS612592YFFR.SchLib"; VariantName = "[No Variations]"
Add component (AddParameter): Name = "Type"; Value = "DEV"; VariantName = "[No Variations]"
Added Component: Designator=J?(FP-53261-0371-MFG)
Add component (AddParameter): Name = "Ambient Temperature Range High"; Value = "+105°C"; VariantName = "[No Variations]"
Add component (AddParameter): Name = "Ambient Temperature Range Low"; Value = "-40°C"; VariantName = "[No Variations]"
Add component (AddParameter): Name = "Automotive"; Value = "No"; VariantName = "[No Variations]"
Add component (AddParameter): Name = "Category"; Value = "Conn"; VariantName = "[No Variations]"
Add component (AddParameter): Name = "ComponentLink2Description"; Value = "Datasheet"; VariantName = "[No Variations]"
Add component (AddParameter): Name = "ComponentLink2URL"; Value = "https://www.molex.com/webdocs/datasheets/pdf/en-us/0532610371_PCB_HEADERS.pdf"; VariantName = "[No Variations]"
Add component (AddParameter): Name = "Conn Gender"; Value = "Male"; VariantName = "[No Variations]"
Add component (AddParameter): Name = "Conn Orientation"; Value = "Right Angle"; VariantName = "[No Variations]"
Add component (AddParameter): Name = "Contact Material"; Value = "Tin,Nickel"; VariantName = "[No Variations]"
Add component (AddParameter): Name = "Current Rating"; Value = "1A"; VariantName = "[No Variations]"
Add component (AddParameter): Name = "Device Class L1"; Value = "Connectors"; VariantName = "[No Variations]"
Add component (AddParameter): Name = "Device Class L2"; Value = "Headers and Wire Housings"; VariantName = "[No Variations]"
Add component (AddParameter): Name = "Device Class L3"; Value = "unset"; VariantName = "[No Variations]"
Add component (AddParameter): Name = "Digikey Description"; Value = "CONN HEADER SMD R/A 3POS 1.25MM"; VariantName = "[No Variations]"
Add component (AddParameter): Name = "Footprint Url"; Value = "https://www.molex.com/pdm_docs/sd/532610371_sd.pdf"; VariantName = "[No Variations]"
Add component (AddParameter): Name = "Height"; Value = "3.6mm"; VariantName = "[No Variations]"
Add component (AddParameter): Name = "Lead Free"; Value = "Yes"; VariantName = "[No Variations]"
Add component (AddParameter): Name = "Manufacturer"; Value = "Molex"; VariantName = "[No Variations]"
Add component (AddParameter): Name = "Manufacturer Part Number"; Value = "53261-0371"; VariantName = "[No Variations]"
Add component (AddParameter): Name = "Mouser Description"; Value = "1.25mm (.049") Pitch PicoBlade Header, Surface Mount, Right Angle, Lead-free, 3 Circuits"; VariantName = "[No Variations]"
Add component (AddParameter): Name = "Number Of Contacts"; Value = "3"; VariantName = "[No Variations]"
Add component (AddParameter): Name = "Number Of Rows"; Value = "1"; VariantName = "[No Variations]"
Add component (AddParameter): Name = "Octopart"; Value = "https://octopart.com/53261-0371-molex-655314"; VariantName = "[No Variations]"
Add component (AddParameter): Name = "Package"; Value = "0"; VariantName = "[No Variations]"
Add component (AddParameter): Name = "Pitch"; Value = "1.25mm"; VariantName = "[No Variations]"
Add component (AddParameter): Name = "RoHS"; Value = "TRUE"; VariantName = "[No Variations]"
Add component (AddParameter): Name = "Temperature"; Value = "-40°C to +105°C"; VariantName = "[No Variations]"
Add component (AddParameter): Name = "Temperature Range High"; Value = "+105°C"; VariantName = "[No Variations]"
Add component (AddParameter): Name = "Temperature Range Low"; Value = "-40°C"; VariantName = "[No Variations]"
Add component (AddParameter): Name = "Voltage Rating"; Value = "125V"; VariantName = "[No Variations]"
Added Component: Designator=L?(FP-IHLP-1616BZ-FP_1_8545x-MFG)
Add component (AddParameter): Name = "Case/Package"; Value = "1616"; VariantName = "[No Variations]"
Add component (AddParameter): Name = "Connector Type"; Value = "Power"; VariantName = "[No Variations]"
Add component (AddParameter): Name = "DC Resistance (DCR)"; Value = "37mR"; VariantName = "[No Variations]"
Add component (AddParameter): Name = "Depth"; Value = "4.31mm"; VariantName = "[No Variations]"
Add component (AddParameter): Name = "Height"; Value = "2mm"; VariantName = "[No Variations]"
Add component (AddParameter): Name = "Inductance"; Value = "1uH"; VariantName = "[No Variations]"
Add component (AddParameter): Name = "Lead Free"; Value = "Lead Free"; VariantName = "[No Variations]"
Add component (AddParameter): Name = "Length"; Value = "4.45mm"; VariantName = "[No Variations]"
Add component (AddParameter): Name = "Max DC Current"; Value = "3.75A"; VariantName = "[No Variations]"
Add component (AddParameter): Name = "Max Operating Temperature"; Value = "125°C"; VariantName = "[No Variations]"
Add component (AddParameter): Name = "Military Standard"; Value = "Not"; VariantName = "[No Variations]"
Add component (AddParameter): Name = "Min Operating Temperature"; Value = "-55°C"; VariantName = "[No Variations]"
Add component (AddParameter): Name = "Package Quantity"; Value = "4000"; VariantName = "[No Variations]"
Add component (AddParameter): Name = "Packaging"; Value = "Tape and Reel"; VariantName = "[No Variations]"
Add component (AddParameter): Name = "Radiation Hardening"; Value = "No"; VariantName = "[No Variations]"
Add component (AddParameter): Name = "Self Resonant Frequency"; Value = "90MHz"; VariantName = "[No Variations]"
Add component (AddParameter): Name = "Shielding"; Value = "Shielded"; VariantName = "[No Variations]"
Add component (AddParameter): Name = "Termination"; Value = "SMD/SMT"; VariantName = "[No Variations]"
Add component (AddParameter): Name = "Test Frequency"; Value = "100kHz"; VariantName = "[No Variations]"
Add component (AddParameter): Name = "Tolerance"; Value = "20%"; VariantName = "[No Variations]"
Add component (AddParameter): Name = "Width"; Value = "4.06mm"; VariantName = "[No Variations]"
Added Component: Designator=P?(61300211121)
Add component (AddParameter): Name = "Color"; Value = "Black"; VariantName = "[No Variations]"
Add component (AddParameter): Name = "Connector Type"; Value = "Male Pin"; VariantName = "[No Variations]"
Add component (AddParameter): Name = "Contact Gender"; Value = "Male"; VariantName = "[No Variations]"
Add component (AddParameter): Name = "Contact Material"; Value = "Copper"; VariantName = "[No Variations]"
Add component (AddParameter): Name = "Contact Mating Length"; Value = "5.9944mm"; VariantName = "[No Variations]"
Add component (AddParameter): Name = "Contact Plating"; Value = "Gold"; VariantName = "[No Variations]"
Add component (AddParameter): Name = "Contact Resistance"; Value = "20mO"; VariantName = "[No Variations]"
Add component (AddParameter): Name = "Current Rating"; Value = "3A"; VariantName = "[No Variations]"
Add component (AddParameter): Name = "Gender"; Value = "Male"; VariantName = "[No Variations]"
Add component (AddParameter): Name = "Height"; Value = "8.94mm"; VariantName = "[No Variations]"
Add component (AddParameter): Name = "Housing Material"; Value = "PBT"; VariantName = "[No Variations]"
Add component (AddParameter): Name = "Lead Free"; Value = "Lead Free"; VariantName = "[No Variations]"
Add component (AddParameter): Name = "Lead Pitch"; Value = "2.54mm"; VariantName = "[No Variations]"
Add component (AddParameter): Name = "Max Operating Temperature"; Value = "125°C"; VariantName = "[No Variations]"
Add component (AddParameter): Name = "Min Operating Temperature"; Value = "-40°C"; VariantName = "[No Variations]"
Add component (AddParameter): Name = "Mount"; Value = "Through Hole"; VariantName = "[No Variations]"
Add component (AddParameter): Name = "NexarPartId"; Value = "20081794"; VariantName = "[No Variations]"
Add component (AddParameter): Name = "Number of Contacts"; Value = "2"; VariantName = "[No Variations]"
Add component (AddParameter): Name = "Number of Pins"; Value = "2"; VariantName = "[No Variations]"
Add component (AddParameter): Name = "Number of Positions"; Value = "2"; VariantName = "[No Variations]"
Add component (AddParameter): Name = "Number of Rows"; Value = "1"; VariantName = "[No Variations]"
Add component (AddParameter): Name = "Operating Supply Voltage"; Value = "250V"; VariantName = "[No Variations]"
Add component (AddParameter): Name = "Orientation"; Value = "Vertical"; VariantName = "[No Variations]"
Add component (AddParameter): Name = "Packaging"; Value = "Bulk"; VariantName = "[No Variations]"
Add component (AddParameter): Name = "Pitch"; Value = "2.54mm"; VariantName = "[No Variations]"
Add component (AddParameter): Name = "REACH SVHC"; Value = "No SVHC"; VariantName = "[No Variations]"
Add component (AddParameter): Name = "RoHS"; Value = "Compliant"; VariantName = "[No Variations]"
Add component (AddParameter): Name = "Termination"; Value = "Through Hole"; VariantName = "[No Variations]"
Add component (AddParameter): Name = "Voltage Rating"; Value = "250V"; VariantName = "[No Variations]"
Add Component: Footprint Not Found SOT-23-3-PMOS
Add Component: Footprint Not Found SOT95P280X145-5N
Add Component: Footprint Not Found Micro USB B
Added Pin To Net: NetName=GND Pin=C?-1
Added Pin To Net: NetName=GND Pin=C?-1
Added Pin To Net: NetName=NetC?_2 Pin=C?-2
Add Pin To Net: Unknown Pin: Pin D?-1
Add Pin To Net: Unknown Pin: Pin D?-2
Add Pin To Net: Unknown Pin: Pin D?-A
Added Pin To Net: NetName=GND Pin=IC?-C1
Added Pin To Net: NetName=GND Pin=IC?-C2
Added Pin To Net: NetName=GND Pin=IC?-C3
Added Pin To Net: NetName=GND Pin=J?-3
Added Pin To Net: NetName=GND Pin=J?-4
Added Pin To Net: NetName=GND Pin=J?-5
Added Pin To Net: NetName=GND Pin=R?-1
Added Pin To Net: NetName=NetC?_2 Pin=R?-2
Add Pin To Net: Unknown Pin: Pin T?-1
Added Pin To Net: NetName=GND Pin=U?-2
Added Pin To Net: NetName=NetC?_2 Pin=U?-4
Add Pin To Net: Unknown Pin: Pin X?-0
Add Pin To Net: Unknown Pin: Pin X?-1
Add Pin To Net: Unknown Pin: Pin X?-5
Added Pin To Net: NetName=3V3 Pin=C?-1
Added Pin To Net: NetName=3V3 Pin=P?-1
Added Net: Name=3V3
Added Pin To Net: NetName=5.2V Pin=C?-2
Added Pin To Net: NetName=5.2V Pin=IC?-A1
Added Pin To Net: NetName=5.2V Pin=IC?-A2
Added Net: Name=5.2V
Add Net: Net with name "NetC?_1" already exists
Add Net: Net with name "NetC?_1" already exists
Add Net: Net with name "NetC?_1" already exists
Add Net: Net with name "NetC?_1" already exists
Add Net: Net with name "NetC?_1" already exists
Add Net: Net with name "NetC?_1" already exists
Add Net: Net with name "NetC?_2" already exists
Add Net: Net with name "NetC?_2" already exists
Add Net: Net with name "NetC?_2" already exists
Added Pin To Net: NetName=NetIC?_B1 Pin=IC?-B1
Added Pin To Net: NetName=NetIC?_B1 Pin=IC?-B2
Added Pin To Net: NetName=NetIC?_B1 Pin=L?-1
Added Net: Name=NetIC?_B1
Add Net: Net with name "NetR?_2" already exists
Added Pin To Net: NetName=STAT Pin=U?-1
Added Net: Name=STAT
Add Net: Net with name "USB_5V" already exists
Added Pin To Net: NetName=V_Bat Pin=C?-2
Added Pin To Net: NetName=V_Bat Pin=J?-1
Added Pin To Net: NetName=V_Bat Pin=U?-3
Added Net: Name=V_Bat
Added Pin To Net: NetName=V_Sys Pin=C?-2
Added Pin To Net: NetName=V_Sys Pin=C?-2
Added Pin To Net: NetName=V_Sys Pin=C?-2
Added Pin To Net: NetName=V_Sys Pin=IC?-A3
Added Pin To Net: NetName=V_Sys Pin=IC?-B3
Added Pin To Net: NetName=V_Sys Pin=L?-2
Added Pin To Net: NetName=V_Sys Pin=U?-3
Added Pin To Net: NetName=V_Sys Pin=U?-5
Added Net: Name=V_Sys
Add Class Member: Failed to add class member : Component B? XC6210B502PR-G
Added Member To Class: ClassName=AFE Member=Component C? 100uF
Added Member To Class: ClassName=AFE Member=Component C? 1uF
Added Member To Class: ClassName=AFE Member=Component C? 100nF
Added Member To Class: ClassName=AFE Member=Component C? 100nF
Added Member To Class: ClassName=AFE Member=Component C? 1uF
Added Member To Class: ClassName=AFE Member=Component C? 100nF
Added Member To Class: ClassName=AFE Member=Component C? 1uF
Added Member To Class: ClassName=AFE Member=Component C? 100nF
Added Member To Class: ClassName=AFE Member=Component C? 1uF
Added Member To Class: ClassName=AFE Member=Component C? 10uF
Added Member To Class: ClassName=AFE Member=Component C? 100nF
Added Member To Class: ClassName=AFE Member=Component C? 1uF
Added Member To Class: ClassName=AFE Member=Component C? 100nF
Added Member To Class: ClassName=AFE Member=Component C? 1uF
Added Member To Class: ClassName=MCU Member=Component C? 3pF
Added Member To Class: ClassName=MCU Member=Component C? 3pF
Added Member To Class: ClassName=MCU Member=Component C? 3pF
Added Member To Class: ClassName=Power_Supply Member=Component C? 4.7u
Added Member To Class: ClassName=Power_Supply Member=Component C? 100n
Added Member To Class: ClassName=Power_Supply Member=Component C? 10u
Added Member To Class: ClassName=Power_Supply Member=Component C? 220n
Added Member To Class: ClassName=Power_Supply Member=Component C? 4.7u
Added Member To Class: ClassName=Power_Supply Member=Component C? 10u
Added Member To Class: ClassName=Power_Supply Member=Component C? 2.2u
Added Member To Class: ClassName=Power_Supply Member=Component C? 4.7u
Add Class Member: Failed to add class member : Component D? PMEG3015EH, 115
Add Class Member: Failed to add class member : Component D? TVS 5V
Added Member To Class: ClassName=Power_Supply Member=Component IC? TPS612592YFFR
Added Member To Class: ClassName=Power_Supply Member=Component J? 53261-0371
Added Member To Class: ClassName=USB_C Member=Component J? 2012670005
Added Member To Class: ClassName=USB_C Member=Component J? 2012670005
Added Member To Class: ClassName=Power_Supply Member=Component L? 1uH
Added Member To Class: ClassName=MCU Member=Component MD? STM32WB5MMGH6TR
Added Member To Class: ClassName=Power_Supply Member=Component P? 61300311121
Added Member To Class: ClassName=MCU Member=Component R? 100k
Added Member To Class: ClassName=Power_Supply Member=Component R? 10k
Added Member To Class: ClassName=Power_Supply Member=Component R? CRCW06030000Z0EB
Add Class Member: Failed to add class member : Component T? DMP1045U
Added Member To Class: ClassName=AFE Member=Component U? ADS1299IPAG
Added Member To Class: ClassName=Power_Supply Member=Component U? MCP73832
Add Class Member: Failed to add class member : Component X? MICRO USB B
