Removed Pin From Net: NetName=V_USB Pin=C?-2
Remove Pin from Net: Failed to remove Pin
Removed Pin From Net: NetName=GND Pin=J?-3
Removed Pin From Net: NetName=GND Pin=J?-3
Removed Pin From Net: NetName=GND Pin=J?-3
Remove Pin from Net: Unknown Pin: Pin J?-5
Remove Pin from Net: Unknown Pin: Pin J?-9
Removed Pin From Net: NetName=V_USB Pin=R?-2
Remove Pin from Net: Failed to remove Pin
Removed Pin From Net: NetName=GND Pin=U?-2
Removed Pin From Net: NetName=V_Bat Pin=U?-3
Removed Pin From Net: NetName=V_USB Pin=U?-4
Remove Pin from Net: Failed to remove Pin
Remove Pin from Net: Failed to remove Pin
Remove Pin from Net: Failed to remove Pin
Remove Pin from Net: Failed to remove Pin
Remove Pin from Net: Failed to remove Pin
Remove Pin from Net: Failed to remove Pin
Remove Pin from Net: Failed to remove Pin
Remove Pin from Net: Failed to remove Pin
Remove Pin from Net: Failed to remove Pin
Remove Pin from Net: Failed to remove Pin
Removed Member From Class: ClassName=PW? Member=C?
Removed Member From Class: ClassName=RF? Member=C?
Removed Member From Class: ClassName=EMG_Sensor_Board Member=J?
Removed Member From Class: ClassName=PW? Member=J?
Removed Member From Class: ClassName=MC? Member=L?
Removed Member From Class: ClassName=PW? Member=L?
Removed Member From Class: ClassName=PW? Member=U?
Change Component Footprint: Designator=P? Old Footprint=61300211121 New Footprint=61300211121
Change Component Footprint: Designator=P?_AFE?1 Old Footprint=61300211121 New Footprint=61300211121
Change Component Footprint: Designator=P?_AFE?2 Old Footprint=61300211121 New Footprint=61300211121
Change Component Footprint: Designator=P?_AFE?1 Old Footprint=61300311121 New Footprint=61300311121
Change Component Footprint: Designator=P?_AFE?2 Old Footprint=61300311121 New Footprint=61300311121
Change Component Footprint: Designator=AE? Old Footprint=74889102450 New Footprint=74889102450
Change Footprint: Cannot match pads with new footprint in component :J? Footprint:FP-53261-0371-MFG
Change Footprint: Footprint Not Found C-1608 [0603]-N
Change Footprint: Footprint Not Found C-1608 [0603]-N
Change Footprint: Footprint Not Found C-1608 [0603]-N
Change Footprint: Footprint Not Found C-1608 [0603]-N
Change Footprint: Footprint Not Found C-1608 [0603]-N
Change Footprint: Footprint Not Found C-1608 [0603]-N
Change Footprint: Footprint Not Found C-1608 [0603]-N
Change Footprint: Footprint Not Found C-1608 [0603]-N
Change Footprint: Footprint Not Found C-1608 [0603]-N
Change Footprint: Footprint Not Found C-1608 [0603]-N
Change Footprint: Footprint Not Found C-1608 [0603]-N
Change Footprint: Footprint Not Found C-1608 [0603]-N
Change Footprint: Footprint Not Found C-1608 [0603]-N
Change Footprint: Footprint Not Found C-1608 [0603]-N
Change Footprint: Footprint Not Found SOT-23/6
Change Footprint: Footprint Not Found C-1608 [0603]-N
Change Footprint: Footprint Not Found R-1608 [0603]-N
Change Component Designator: OldDesignator=AE? NewDesignator=AE1
Change Component Designator: OldDesignator=C? NewDesignator=C1
Change Component Designator: OldDesignator=C? NewDesignator=C2
Change Component Designator: OldDesignator=C? NewDesignator=C3
Change Component Designator: OldDesignator=C? NewDesignator=C4
Change Component Designator: OldDesignator=C? NewDesignator=C5
Change Component Designator: OldDesignator=C? NewDesignator=C6
Change Component Designator: OldDesignator=C? NewDesignator=C7
Change Component Designator: OldDesignator=C? NewDesignator=C8
Change Component Designator: OldDesignator=C? NewDesignator=C9
Change Component Designator: OldDesignator=C? NewDesignator=C10
Change Component Designator: OldDesignator=C? NewDesignator=C11
Change Component Designator: OldDesignator=C? NewDesignator=C12
Change Component Designator: OldDesignator=C? NewDesignator=C13
Change Component Designator: OldDesignator=C? NewDesignator=C14
Change Component Designator: OldDesignator=C? NewDesignator=C15
Change Component Designator: OldDesignator=C? NewDesignator=C16
Change Component Designator: OldDesignator=C? NewDesignator=C17
Change Component Designator: OldDesignator=C? NewDesignator=C18
Change Component Designator: OldDesignator=C? NewDesignator=C19
Change Component Designator: OldDesignator=C? NewDesignator=C20
Change Component Designator: OldDesignator=C? NewDesignator=C21
Change Component Designator: OldDesignator=C? NewDesignator=C22
Change Component Designator: OldDesignator=C? NewDesignator=C23
Change Component Designator: OldDesignator=C? NewDesignator=C24
Change Component Designator: OldDesignator=C? NewDesignator=C25
Change Component Designator: OldDesignator=C? NewDesignator=C26
Change Component Designator: OldDesignator=C? NewDesignator=C45
Change Component Designator: OldDesignator=C? NewDesignator=C46
Change Component Designator: OldDesignator=C? NewDesignator=C47
Change Component Designator: OldDesignator=C?_AFE?1 NewDesignator=C27_AFE?1
Change Component Designator: OldDesignator=C?_AFE?1 NewDesignator=C28_AFE?1
Change Component Designator: OldDesignator=C?_AFE?1 NewDesignator=C29_AFE?1
Change Component Designator: OldDesignator=C?_AFE?1 NewDesignator=C30_AFE?1
Change Component Designator: OldDesignator=C?_AFE?1 NewDesignator=C31_AFE?1
Change Component Designator: OldDesignator=C?_AFE?1 NewDesignator=C32_AFE?1
Change Component Designator: OldDesignator=C?_AFE?1 NewDesignator=C33_AFE?1
Change Component Designator: OldDesignator=C?_AFE?1 NewDesignator=C34_AFE?1
Change Component Designator: OldDesignator=C?_AFE?1 NewDesignator=C35_AFE?1
Change Component Designator: OldDesignator=C?_AFE?1 NewDesignator=C36_AFE?1
Change Component Designator: OldDesignator=C?_AFE?1 NewDesignator=C37_AFE?1
Change Component Designator: OldDesignator=C?_AFE?1 NewDesignator=C38_AFE?1
Change Component Designator: OldDesignator=C?_AFE?1 NewDesignator=C39_AFE?1
Change Component Designator: OldDesignator=C?_AFE?1 NewDesignator=C40_AFE?1
Change Component Designator: OldDesignator=C?_AFE?1 NewDesignator=C41_AFE?1
Change Component Designator: OldDesignator=C?_AFE?1 NewDesignator=C42_AFE?1
Change Component Designator: OldDesignator=C?_AFE?2 NewDesignator=C27_AFE?2
Change Component Designator: OldDesignator=C?_AFE?2 NewDesignator=C28_AFE?2
Change Component Designator: OldDesignator=C?_AFE?2 NewDesignator=C29_AFE?2
Change Component Designator: OldDesignator=C?_AFE?2 NewDesignator=C30_AFE?2
Change Component Designator: OldDesignator=C?_AFE?2 NewDesignator=C31_AFE?2
Change Component Designator: OldDesignator=C?_AFE?2 NewDesignator=C32_AFE?2
Change Component Designator: OldDesignator=C?_AFE?2 NewDesignator=C33_AFE?2
Change Component Designator: OldDesignator=C?_AFE?2 NewDesignator=C34_AFE?2
Change Component Designator: OldDesignator=C?_AFE?2 NewDesignator=C35_AFE?2
Change Component Designator: OldDesignator=C?_AFE?2 NewDesignator=C36_AFE?2
Change Component Designator: OldDesignator=C?_AFE?2 NewDesignator=C37_AFE?2
Change Component Designator: OldDesignator=C?_AFE?2 NewDesignator=C38_AFE?2
Change Component Designator: OldDesignator=C?_AFE?2 NewDesignator=C39_AFE?2
Change Component Designator: OldDesignator=C?_AFE?2 NewDesignator=C40_AFE?2
Change Component Designator: OldDesignator=C?_AFE?2 NewDesignator=C41_AFE?2
Change Component Designator: OldDesignator=C?_AFE?2 NewDesignator=C42_AFE?2
Change Component Designator: OldDesignator=C?_FL?1 NewDesignator=C43_FL?1
Change Component Designator: OldDesignator=C?_FL?1 NewDesignator=C44_FL?1
Change Component Designator: OldDesignator=C?_FL?2 NewDesignator=C43_FL?2
Change Component Designator: OldDesignator=C?_FL?2 NewDesignator=C44_FL?2
Change Component Designator: OldDesignator=C?_FL?3 NewDesignator=C43_FL?3
Change Component Designator: OldDesignator=C?_FL?3 NewDesignator=C44_FL?3
Change Component Designator: OldDesignator=C?_FL?4 NewDesignator=C43_FL?4
Change Component Designator: OldDesignator=C?_FL?4 NewDesignator=C44_FL?4
Change Component Designator: OldDesignator=C?_FL?5 NewDesignator=C43_FL?5
Change Component Designator: OldDesignator=C?_FL?5 NewDesignator=C44_FL?5
Change Component Designator: OldDesignator=C?_FL?6 NewDesignator=C43_FL?6
Change Component Designator: OldDesignator=C?_FL?6 NewDesignator=C44_FL?6
Change Component Designator: OldDesignator=C?_FL?7 NewDesignator=C43_FL?7
Change Component Designator: OldDesignator=C?_FL?7 NewDesignator=C44_FL?7
Change Component Designator: OldDesignator=C?_FL?8 NewDesignator=C43_FL?8
Change Component Designator: OldDesignator=C?_FL?8 NewDesignator=C44_FL?8
Change Component Designator: OldDesignator=C?_FL?9 NewDesignator=C43_FL?9
Change Component Designator: OldDesignator=C?_FL?9 NewDesignator=C44_FL?9
Change Component Designator: OldDesignator=C?_FL?10 NewDesignator=C43_FL?10
Change Component Designator: OldDesignator=C?_FL?10 NewDesignator=C44_FL?10
Change Component Designator: OldDesignator=C?_FL?11 NewDesignator=C43_FL?11
Change Component Designator: OldDesignator=C?_FL?11 NewDesignator=C44_FL?11
Change Component Designator: OldDesignator=C?_FL?12 NewDesignator=C43_FL?12
Change Component Designator: OldDesignator=C?_FL?12 NewDesignator=C44_FL?12
Change Component Designator: OldDesignator=C?_FL?13 NewDesignator=C43_FL?13
Change Component Designator: OldDesignator=C?_FL?13 NewDesignator=C44_FL?13
Change Component Designator: OldDesignator=C?_FL?14 NewDesignator=C43_FL?14
Change Component Designator: OldDesignator=C?_FL?14 NewDesignator=C44_FL?14
Change Component Designator: OldDesignator=C?_FL?15 NewDesignator=C43_FL?15
Change Component Designator: OldDesignator=C?_FL?15 NewDesignator=C44_FL?15
Change Component Designator: OldDesignator=C?_FL?16 NewDesignator=C43_FL?16
Change Component Designator: OldDesignator=C?_FL?16 NewDesignator=C44_FL?16
Change Component Designator: OldDesignator=FL? NewDesignator=FL1
Change Component Designator: OldDesignator=IC? NewDesignator=IC1
Change Component Designator: OldDesignator=IC? NewDesignator=IC2
Change Component Designator: OldDesignator=J? NewDesignator=J1
Change Component Designator: OldDesignator=J? NewDesignator=J2
Change Component Designator: OldDesignator=L? NewDesignator=L1
Change Component Designator: OldDesignator=L? NewDesignator=L2
Change Component Designator: OldDesignator=L? NewDesignator=L3
Change Component Designator: OldDesignator=L? NewDesignator=L6
Change Component Designator: OldDesignator=L? NewDesignator=L7
Change Component Designator: OldDesignator=L?_FL?1 NewDesignator=L4_FL?1
Change Component Designator: OldDesignator=L?_FL?1 NewDesignator=L5_FL?1
Change Component Designator: OldDesignator=L?_FL?2 NewDesignator=L4_FL?2
Change Component Designator: OldDesignator=L?_FL?2 NewDesignator=L5_FL?2
Change Component Designator: OldDesignator=L?_FL?3 NewDesignator=L4_FL?3
Change Component Designator: OldDesignator=L?_FL?3 NewDesignator=L5_FL?3
Change Component Designator: OldDesignator=L?_FL?4 NewDesignator=L4_FL?4
Change Component Designator: OldDesignator=L?_FL?4 NewDesignator=L5_FL?4
Change Component Designator: OldDesignator=L?_FL?5 NewDesignator=L4_FL?5
Change Component Designator: OldDesignator=L?_FL?5 NewDesignator=L5_FL?5
Change Component Designator: OldDesignator=L?_FL?6 NewDesignator=L4_FL?6
Change Component Designator: OldDesignator=L?_FL?6 NewDesignator=L5_FL?6
Change Component Designator: OldDesignator=L?_FL?7 NewDesignator=L4_FL?7
Change Component Designator: OldDesignator=L?_FL?7 NewDesignator=L5_FL?7
Change Component Designator: OldDesignator=L?_FL?8 NewDesignator=L4_FL?8
Change Component Designator: OldDesignator=L?_FL?8 NewDesignator=L5_FL?8
Change Component Designator: OldDesignator=L?_FL?9 NewDesignator=L4_FL?9
Change Component Designator: OldDesignator=L?_FL?9 NewDesignator=L5_FL?9
Change Component Designator: OldDesignator=L?_FL?10 NewDesignator=L4_FL?10
Change Component Designator: OldDesignator=L?_FL?10 NewDesignator=L5_FL?10
Change Component Designator: OldDesignator=L?_FL?11 NewDesignator=L4_FL?11
Change Component Designator: OldDesignator=L?_FL?11 NewDesignator=L5_FL?11
Change Component Designator: OldDesignator=L?_FL?12 NewDesignator=L4_FL?12
Change Component Designator: OldDesignator=L?_FL?12 NewDesignator=L5_FL?12
Change Component Designator: OldDesignator=L?_FL?13 NewDesignator=L4_FL?13
Change Component Designator: OldDesignator=L?_FL?13 NewDesignator=L5_FL?13
Change Component Designator: OldDesignator=L?_FL?14 NewDesignator=L4_FL?14
Change Component Designator: OldDesignator=L?_FL?14 NewDesignator=L5_FL?14
Change Component Designator: OldDesignator=L?_FL?15 NewDesignator=L4_FL?15
Change Component Designator: OldDesignator=L?_FL?15 NewDesignator=L5_FL?15
Change Component Designator: OldDesignator=L?_FL?16 NewDesignator=L4_FL?16
Change Component Designator: OldDesignator=L?_FL?16 NewDesignator=L5_FL?16
Change Component Designator: OldDesignator=P? NewDesignator=P1
Change Component Designator: OldDesignator=P? NewDesignator=P2
Change Component Designator: OldDesignator=P?_AFE?1 NewDesignator=P3_AFE?1
Change Component Designator: OldDesignator=P?_AFE?1 NewDesignator=P4_AFE?1
Change Component Designator: OldDesignator=P?_AFE?2 NewDesignator=P3_AFE?2
Change Component Designator: OldDesignator=P?_AFE?2 NewDesignator=P4_AFE?2
Change Component Designator: OldDesignator=R? NewDesignator=R1
Change Component Designator: OldDesignator=R? NewDesignator=R2
Change Component Designator: OldDesignator=R? NewDesignator=R3
Change Component Designator: OldDesignator=R? NewDesignator=R4
Change Component Designator: OldDesignator=R? NewDesignator=R5
Change Component Designator: OldDesignator=R? NewDesignator=R6
Change Component Designator: OldDesignator=R? NewDesignator=R7
Change Component Designator: OldDesignator=R?_AFE?1 NewDesignator=R8_AFE?1
Change Component Designator: OldDesignator=R?_AFE?1 NewDesignator=R9_AFE?1
Change Component Designator: OldDesignator=R?_AFE?2 NewDesignator=R8_AFE?2
Change Component Designator: OldDesignator=R?_AFE?2 NewDesignator=R9_AFE?2
Change Component Designator: OldDesignator=U? NewDesignator=U1
Change Component Designator: OldDesignator=U? NewDesignator=U3
Change Component Designator: OldDesignator=U?_AFE?1 NewDesignator=U4_AFE?1
Change Component Designator: OldDesignator=U?_AFE?1 NewDesignator=U4_AFE?1
Change Component Designator: OldDesignator=U?_AFE?2 NewDesignator=U4_AFE?2
Change Component Designator: OldDesignator=U?_AFE?2 NewDesignator=U4_AFE?2
Change Component Designator: OldDesignator=Y? NewDesignator=Y1
Add Component: Footprint Not Found SOD-123-D
Add Component: Footprint Not Found C-1608 [0603]-N
Add Component: Footprint Not Found SOT-23-3-PMOS
Add Component: Footprint Not Found SOT95P280X145-5N
Add Component: Footprint Not Found Micro USB B
Add Pin To Net: Unknown Pin: Pin D1-K
Add Pin To Net: Unknown Pin: Pin D2-2
Added Pin To Net: NetName=VDD Pin=J1-1
Added Pin To Net: NetName=GND Pin=J1-3
Added Pin To Net: NetName=GND Pin=J1-5
Added Pin To Net: NetName=GND Pin=J1-9
Add Pin To Net: Unknown Pin: Pin J2-5
Add Pin To Net: Unknown Pin: Pin T1-2
Add Pin To Net: Unknown Pin: Pin T1-3
Add Pin To Net: Unknown Pin: Pin U2-2
Add Pin To Net: Unknown Pin: Pin U2-3
Added Pin To Net: NetName=VDD Pin=U3-1
Added Pin To Net: NetName=VDD Pin=U3-13
Added Pin To Net: NetName=VDD Pin=U3-14
Added Pin To Net: NetName=VDD Pin=U3-30
Added Pin To Net: NetName=GND Pin=U3-32
Added Pin To Net: NetName=VDD Pin=U3-33
Added Pin To Net: NetName=GND Pin=U3-42
Added Pin To Net: NetName=VDD Pin=U3-44
Added Pin To Net: NetName=VDD Pin=U3-45
Added Pin To Net: NetName=VDD Pin=U3-55
Added Pin To Net: NetName=VDD Pin=U3-68
Add Pin To Net: Unknown Pin: Pin X1-0
Add Pin To Net: Unknown Pin: Pin X1-1
Add Pin To Net: Unknown Pin: Pin X1-2
Add Pin To Net: Unknown Pin: Pin X1-3
Add Pin To Net: Unknown Pin: Pin X1-5
Change Net Name : Old Net Name=NetAE?_1 New Net Name=NetAE1_1
Change Net Name : Old Net Name=NetC?_1 New Net Name=NetC9_1
Change Net Name : Old Net Name=NetC?_AFE?1_1 New Net Name=NetC31_AFE?1_1
Change Net Name : Old Net Name=NetC?_AFE?1_2 New Net Name=NetC27_AFE?1_2
Change Net Name : Old Net Name=NetC?_AFE?2_1 New Net Name=NetC30_AFE?2_1
Change Net Name : Old Net Name=NetC?_AFE?2_2 New Net Name=NetC27_AFE?2_2
Change Net Name : Old Net Name=NetC?_FL?1_1 New Net Name=NetC43_FL?1_1
Change Net Name : Old Net Name=NetC?_FL?1_2 New Net Name=NetC44_FL?1_2
Change Net Name : Old Net Name=NetC?_FL?2_1 New Net Name=NetC43_FL?2_1
Change Net Name : Old Net Name=NetC?_FL?2_2 New Net Name=NetC44_FL?2_2
Change Net Name : Old Net Name=NetC?_FL?3_1 New Net Name=NetC43_FL?3_1
Change Net Name : Old Net Name=NetC?_FL?3_2 New Net Name=NetC44_FL?3_2
Change Net Name : Old Net Name=NetC?_FL?4_1 New Net Name=NetC43_FL?4_1
Change Net Name : Old Net Name=NetC?_FL?4_2 New Net Name=NetC44_FL?4_2
Change Net Name : Old Net Name=NetC?_FL?5_1 New Net Name=NetC43_FL?5_1
Change Net Name : Old Net Name=NetC?_FL?5_2 New Net Name=NetC44_FL?5_2
Change Net Name : Old Net Name=NetC?_FL?6_1 New Net Name=NetC43_FL?6_1
Change Net Name : Old Net Name=NetC?_FL?6_2 New Net Name=NetC44_FL?6_2
Change Net Name : Old Net Name=NetC?_FL?7_1 New Net Name=NetC43_FL?7_1
Change Net Name : Old Net Name=NetC?_FL?7_2 New Net Name=NetC44_FL?7_2
Change Net Name : Old Net Name=NetC?_FL?8_1 New Net Name=NetC43_FL?8_1
Change Net Name : Old Net Name=NetC?_FL?8_2 New Net Name=NetC44_FL?8_2
Change Net Name : Old Net Name=NetC?_FL?9_1 New Net Name=NetC43_FL?9_1
Change Net Name : Old Net Name=NetC?_FL?9_2 New Net Name=NetC44_FL?9_2
Change Net Name : Old Net Name=NetC?_FL?10_1 New Net Name=NetC43_FL?10_1
Change Net Name : Old Net Name=NetC?_FL?10_2 New Net Name=NetC44_FL?10_2
Change Net Name : Old Net Name=NetC?_FL?11_1 New Net Name=NetC43_FL?11_1
Change Net Name : Old Net Name=NetC?_FL?11_2 New Net Name=NetC44_FL?11_2
Change Net Name : Old Net Name=NetC?_FL?12_1 New Net Name=NetC43_FL?12_1
Change Net Name : Old Net Name=NetC?_FL?12_2 New Net Name=NetC44_FL?12_2
Change Net Name : Old Net Name=NetC?_FL?13_1 New Net Name=NetC43_FL?13_1
Change Net Name : Old Net Name=NetC?_FL?13_2 New Net Name=NetC44_FL?13_2
Change Net Name : Old Net Name=NetC?_FL?14_1 New Net Name=NetC43_FL?14_1
Change Net Name : Old Net Name=NetC?_FL?14_2 New Net Name=NetC44_FL?14_2
Change Net Name : Old Net Name=NetC?_FL?15_1 New Net Name=NetC43_FL?15_1
Change Net Name : Old Net Name=NetC?_FL?15_2 New Net Name=NetC44_FL?15_2
Change Net Name : Old Net Name=NetC?_FL?16_1 New Net Name=NetC43_FL?16_1
Change Net Name : Old Net Name=NetC?_FL?16_2 New Net Name=NetC44_FL?16_2
Change Net Name : Old Net Name=NetIC?_B1 New Net Name=NetIC2_B1
Change Net Name : Old Net Name=NetL?_1 New Net Name=NetL2_1
Change Net Name : Old Net Name=NetL?_FL?1_1 New Net Name=NetL5_FL?1_1
Change Net Name : Old Net Name=NetL?_FL?2_1 New Net Name=NetL4_FL?2_1
Change Net Name : Old Net Name=NetL?_FL?3_1 New Net Name=NetL4_FL?3_1
Change Net Name : Old Net Name=NetL?_FL?4_1 New Net Name=NetL5_FL?4_1
Change Net Name : Old Net Name=NetL?_FL?5_1 New Net Name=NetL4_FL?5_1
Change Net Name : Old Net Name=NetL?_FL?6_1 New Net Name=NetL4_FL?6_1
Change Net Name : Old Net Name=NetL?_FL?7_1 New Net Name=NetL4_FL?7_1
Change Net Name : Old Net Name=NetL?_FL?8_1 New Net Name=NetL4_FL?8_1
Change Net Name : Old Net Name=NetL?_FL?9_1 New Net Name=NetL4_FL?9_1
Change Net Name : Old Net Name=NetL?_FL?10_1 New Net Name=NetL5_FL?10_1
Change Net Name : Old Net Name=NetL?_FL?11_1 New Net Name=NetL4_FL?11_1
Change Net Name : Old Net Name=NetL?_FL?12_1 New Net Name=NetL4_FL?12_1
Change Net Name : Old Net Name=NetL?_FL?13_1 New Net Name=NetL4_FL?13_1
Change Net Name : Old Net Name=NetL?_FL?14_1 New Net Name=NetL4_FL?14_1
Change Net Name : Old Net Name=NetL?_FL?15_1 New Net Name=NetL4_FL?15_1
Change Net Name : Old Net Name=NetL?_FL?16_1 New Net Name=NetL4_FL?16_1
Change Net Name : Old Net Name=NetP?_AFE?1_3 New Net Name=NetP3_AFE?1_3
Change Net Name : Old Net Name=NetP?_AFE?2_3 New Net Name=NetP3_AFE?2_3
Change Net Name : Old Net Name=NetR?_1 New Net Name=NetR6_1
Change Net Name : Old Net Name=NetR?_AFE?1_2 New Net Name=NetR8_AFE?1_2
Change Net Name : Old Net Name=NetR?_AFE?2_2 New Net Name=NetR8_AFE?2_2
Change Net Name : Old Net Name=NetU?_AFE?1_34 New Net Name=NetU3_65
Change Net Name : Old Net Name=NetU?_AFE?1_35 New Net Name=NetU4_AFE?1_35
Change Net Name : Old Net Name=NetU?_AFE?1_36 New Net Name=NetU4_AFE?1_36
Change Net Name : Old Net Name=NetU?_AFE?1_37 New Net Name=NetU4_AFE?1_37
Change Net Name : Old Net Name=NetU?_AFE?1_40 New Net Name=NetU3_63
Change Net Name : Old Net Name=NetU?_AFE?1_42 New Net Name=NetU4_AFE?1_42
Change Net Name : Old Net Name=NetU?_AFE?1_43 New Net Name=NetU3_64
Change Net Name : Old Net Name=NetU?_AFE?1_44 New Net Name=NetU4_AFE?1_44
Change Net Name : Old Net Name=NetU?_AFE?1_45 New Net Name=NetU4_AFE?1_45
Change Net Name : Old Net Name=NetU?_AFE?1_46 New Net Name=NetU4_AFE?1_46
Change Net Name : Old Net Name=NetU?_AFE?1_47 New Net Name=NetU4_AFE?1_47
Change Net Name : Old Net Name=NetU?_AFE?1_52 New Net Name=NetU4_AFE?1_52
Change Net Name : Old Net Name=NetU?_AFE?2_35 New Net Name=NetU4_AFE?2_35
Change Net Name : Old Net Name=NetU?_AFE?2_36 New Net Name=NetU4_AFE?2_36
Change Net Name : Old Net Name=NetU?_AFE?2_37 New Net Name=NetU4_AFE?2_37
Change Net Name : Old Net Name=NetU?_AFE?2_42 New Net Name=NetU4_AFE?2_42
Change Net Name : Old Net Name=NetU?_AFE?2_44 New Net Name=NetU4_AFE?2_44
Change Net Name : Old Net Name=NetU?_AFE?2_45 New Net Name=NetU4_AFE?2_45
Change Net Name : Old Net Name=NetU?_AFE?2_46 New Net Name=NetU4_AFE?2_46
Change Net Name : Old Net Name=NetU?_AFE?2_47 New Net Name=NetU4_AFE?2_47
Change Net Name : Old Net Name=NetU?_AFE?2_52 New Net Name=NetU4_AFE?2_52
Added Pin To Net: NetName=NetC1_1 Pin=C1-1
Added Pin To Net: NetName=NetC1_1 Pin=U1-4
Added Net: Name=NetC1_1
Added Pin To Net: NetName=NetC1_2 Pin=C1-2
Added Pin To Net: NetName=NetC1_2 Pin=U1-6
Added Net: Name=NetC1_2
Added Pin To Net: NetName=NetC3_2 Pin=C3-2
Added Pin To Net: NetName=NetC3_2 Pin=P1-2
Added Pin To Net: NetName=NetC3_2 Pin=U1-1
Added Net: Name=NetC3_2
Added Pin To Net: NetName=NetC5_2 Pin=C5-2
Added Pin To Net: NetName=NetC5_2 Pin=R1-2
Added Net: Name=NetC5_2
Added Pin To Net: NetName=NetC26_2 Pin=C26-2
Added Pin To Net: NetName=NetC26_2 Pin=L3-1
Added Pin To Net: NetName=NetC26_2 Pin=U3-43
Added Net: Name=NetC26_2
Added Pin To Net: NetName=NetC27_AFE?1_1 Pin=C27_AFE?1-1
Added Pin To Net: NetName=NetC27_AFE?1_1 Pin=R9_AFE?1-2
Added Pin To Net: NetName=NetC27_AFE?1_1 Pin=U4_AFE?1-61
Added Net: Name=NetC27_AFE?1_1
Added Pin To Net: NetName=NetC27_AFE?2_1 Pin=C27_AFE?2-1
Added Pin To Net: NetName=NetC27_AFE?2_1 Pin=R9_AFE?2-2
Added Pin To Net: NetName=NetC27_AFE?2_1 Pin=U4_AFE?2-61
Added Net: Name=NetC27_AFE?2_1
Added Pin To Net: NetName=NetC28_AFE?1_1 Pin=C28_AFE?1-1
Added Pin To Net: NetName=NetC28_AFE?1_1 Pin=C29_AFE?1-2
Added Pin To Net: NetName=NetC28_AFE?1_1 Pin=U4_AFE?1-24
Added Net: Name=NetC28_AFE?1_1
Added Pin To Net: NetName=NetC28_AFE?2_1 Pin=C28_AFE?2-1
Added Pin To Net: NetName=NetC28_AFE?2_1 Pin=C29_AFE?2-2
Added Pin To Net: NetName=NetC28_AFE?2_1 Pin=U4_AFE?2-24
Added Net: Name=NetC28_AFE?2_1
Added Pin To Net: NetName=NetC30_AFE?1_1 Pin=C30_AFE?1-1
Added Pin To Net: NetName=NetC30_AFE?1_1 Pin=U4_AFE?1-28
Added Net: Name=NetC30_AFE?1_1
Added Pin To Net: NetName=NetC31_AFE?2_1 Pin=C31_AFE?2-1
Added Pin To Net: NetName=NetC31_AFE?2_1 Pin=U4_AFE?2-30
Added Net: Name=NetC31_AFE?2_1
Added Pin To Net: NetName=NetC32_AFE?1_1 Pin=C32_AFE?1-1
Added Pin To Net: NetName=NetC32_AFE?1_1 Pin=C33_AFE?1-1
Added Pin To Net: NetName=NetC32_AFE?1_1 Pin=U4_AFE?1-55
Added Net: Name=NetC32_AFE?1_1
Added Pin To Net: NetName=NetC32_AFE?2_1 Pin=C32_AFE?2-1
Added Pin To Net: NetName=NetC32_AFE?2_1 Pin=C33_AFE?2-1
Added Pin To Net: NetName=NetC32_AFE?2_1 Pin=U4_AFE?2-55
Added Net: Name=NetC32_AFE?2_1
Added Pin To Net: NetName=NetC34_AFE?1_1 Pin=C34_AFE?1-1
Added Pin To Net: NetName=NetC34_AFE?1_1 Pin=U4_AFE?1-26
Added Net: Name=NetC34_AFE?1_1
Added Pin To Net: NetName=NetC34_AFE?2_1 Pin=C34_AFE?2-1
Added Pin To Net: NetName=NetC34_AFE?2_1 Pin=U4_AFE?2-26
Added Net: Name=NetC34_AFE?2_1
Added Pin To Net: NetName=NetC46_1 Pin=C46-1
Added Pin To Net: NetName=NetC46_1 Pin=FL1-1
Added Pin To Net: NetName=NetC46_1 Pin=L6-2
Added Net: Name=NetC46_1
Added Pin To Net: NetName=NetC47_1 Pin=C47-1
Added Pin To Net: NetName=NetC47_1 Pin=FL1-3
Added Pin To Net: NetName=NetC47_1 Pin=L7-1
Added Net: Name=NetC47_1
Added Pin To Net: NetName=NetL2_2 Pin=L2-2
Added Pin To Net: NetName=NetL2_2 Pin=U3-41
Added Net: Name=NetL2_2
Added Pin To Net: NetName=NetL4_FL?1_1 Pin=L4_FL?1-1
Added Pin To Net: NetName=NetL4_FL?1_1 Pin=U4_AFE?1-16
Added Net: Name=NetL4_FL?1_1
Added Pin To Net: NetName=NetL4_FL?4_1 Pin=L4_FL?4-1
Added Pin To Net: NetName=NetL4_FL?4_1 Pin=U4_AFE?1-10
Added Net: Name=NetL4_FL?4_1
Added Pin To Net: NetName=NetL4_FL?10_1 Pin=L4_FL?10-1
Added Pin To Net: NetName=NetL4_FL?10_1 Pin=U4_AFE?2-14
Added Net: Name=NetL4_FL?10_1
Added Pin To Net: NetName=NetL5_FL?2_1 Pin=L5_FL?2-1
Added Pin To Net: NetName=NetL5_FL?2_1 Pin=U4_AFE?1-13
Added Net: Name=NetL5_FL?2_1
Added Pin To Net: NetName=NetL5_FL?3_1 Pin=L5_FL?3-1
Added Pin To Net: NetName=NetL5_FL?3_1 Pin=U4_AFE?1-11
Added Net: Name=NetL5_FL?3_1
Added Pin To Net: NetName=NetL5_FL?5_1 Pin=L5_FL?5-1
Added Pin To Net: NetName=NetL5_FL?5_1 Pin=U4_AFE?1-7
Added Net: Name=NetL5_FL?5_1
Added Pin To Net: NetName=NetL5_FL?6_1 Pin=L5_FL?6-1
Added Pin To Net: NetName=NetL5_FL?6_1 Pin=U4_AFE?1-1
Added Net: Name=NetL5_FL?6_1
Added Pin To Net: NetName=NetL5_FL?7_1 Pin=L5_FL?7-1
Added Pin To Net: NetName=NetL5_FL?7_1 Pin=U4_AFE?1-5
Added Net: Name=NetL5_FL?7_1
Added Pin To Net: NetName=NetL5_FL?8_1 Pin=L5_FL?8-1
Added Pin To Net: NetName=NetL5_FL?8_1 Pin=U4_AFE?1-3
Added Net: Name=NetL5_FL?8_1
Added Pin To Net: NetName=NetL5_FL?9_1 Pin=L5_FL?9-1
Added Pin To Net: NetName=NetL5_FL?9_1 Pin=U4_AFE?2-15
Added Net: Name=NetL5_FL?9_1
Added Pin To Net: NetName=NetL5_FL?11_1 Pin=L5_FL?11-1
Added Pin To Net: NetName=NetL5_FL?11_1 Pin=U4_AFE?2-11
Added Net: Name=NetL5_FL?11_1
Added Pin To Net: NetName=NetL5_FL?12_1 Pin=L5_FL?12-1
Added Pin To Net: NetName=NetL5_FL?12_1 Pin=U4_AFE?2-9
Added Net: Name=NetL5_FL?12_1
Added Pin To Net: NetName=NetL5_FL?13_1 Pin=L5_FL?13-1
Added Pin To Net: NetName=NetL5_FL?13_1 Pin=U4_AFE?2-7
Added Net: Name=NetL5_FL?13_1
Added Pin To Net: NetName=NetL5_FL?14_1 Pin=L5_FL?14-1
Added Pin To Net: NetName=NetL5_FL?14_1 Pin=U4_AFE?2-1
Added Net: Name=NetL5_FL?14_1
Added Pin To Net: NetName=NetL5_FL?15_1 Pin=L5_FL?15-1
Added Pin To Net: NetName=NetL5_FL?15_1 Pin=U4_AFE?2-5
Added Net: Name=NetL5_FL?15_1
Added Pin To Net: NetName=NetL5_FL?16_1 Pin=L5_FL?16-1
Added Pin To Net: NetName=NetL5_FL?16_1 Pin=U4_AFE?2-3
Added Net: Name=NetL5_FL?16_1
Added Pin To Net: NetName=NetR2_2 Pin=R2-2
Added Net: Name=NetR2_2
Added Pin To Net: NetName=NetR4_1 Pin=R4-1
Added Pin To Net: NetName=NetR4_1 Pin=U3-62
Added Pin To Net: NetName=NetR4_1 Pin=U4_AFE?2-39
Added Net: Name=NetR4_1
Added Pin To Net: NetName=NetR5_1 Pin=R5-1
Added Pin To Net: NetName=NetR5_1 Pin=U3-66
Added Pin To Net: NetName=NetR5_1 Pin=U4_AFE?1-39
Added Net: Name=NetR5_1
Added Net: Name=NetU2_1
Added Member To Class: ClassName=PW? Member=Component C1 220n
Added Member To Class: ClassName=PW? Member=Component C2 2.2u
Added Member To Class: ClassName=PW? Member=Component C3 10 uF
Added Member To Class: ClassName=PW? Member=Component C4 100 nF
Added Member To Class: ClassName=PW? Member=Component C5 4.7uF
Added Member To Class: ClassName=PW? Member=Component C6 4.7uF
Added Member To Class: ClassName=PW? Member=Component C7 10uF
Added Member To Class: ClassName=PW? Member=Component C8 100nF
Added Member To Class: ClassName=PW? Member=Component C9 100 nF
Added Member To Class: ClassName=PW? Member=Component C10 4.7uF
Added Member To Class: ClassName=PW? Member=Component C11 10uF
Added Member To Class: ClassName=MC? Member=Component C12 100nF
Added Member To Class: ClassName=MC? Member=Component C13 100nF
Added Member To Class: ClassName=MC? Member=Component C15 100nF
Added Member To Class: ClassName=MC? Member=Component C16 4.7 uF
Added Member To Class: ClassName=MC? Member=Component C17 1uF
Added Member To Class: ClassName=MC? Member=Component C18 10nF
Added Member To Class: ClassName=MC? Member=Component C19 100pF
Added Member To Class: ClassName=MC? Member=Component C20 100nF
Added Member To Class: ClassName=MC? Member=Component C21 100nF
Added Member To Class: ClassName=MC? Member=Component C22 100nF
Added Member To Class: ClassName=MC? Member=Component C23 4.7 uF
Added Member To Class: ClassName=MC? Member=Component C24 100nF
Added Member To Class: ClassName=MC? Member=Component C25 100nF
Added Member To Class: ClassName=MC? Member=Component C26 4.7 uF
Added Member To Class: ClassName=AFE?1 Member=Component C27_AFE?1 (C27) 1.5nF
Added Member To Class: ClassName=AFE?2 Member=Component C27_AFE?2 (C27) 1.5nF
Added Member To Class: ClassName=AFE?1 Member=Component C28_AFE?1 (C28) 100nF
Added Member To Class: ClassName=AFE?2 Member=Component C28_AFE?2 (C28) 100nF
Added Member To Class: ClassName=AFE?1 Member=Component C29_AFE?1 (C29) 10uF
Added Member To Class: ClassName=AFE?2 Member=Component C29_AFE?2 (C29) 10uF
Added Member To Class: ClassName=AFE?1 Member=Component C30_AFE?1 (C30) 100uF
Added Member To Class: ClassName=AFE?2 Member=Component C30_AFE?2 (C30) 100uF
Added Member To Class: ClassName=AFE?1 Member=Component C31_AFE?1 (C31) 1uF
Added Member To Class: ClassName=AFE?2 Member=Component C31_AFE?2 (C31) 1uF
Added Member To Class: ClassName=AFE?1 Member=Component C32_AFE?1 (C32) 1uF
Added Member To Class: ClassName=AFE?2 Member=Component C32_AFE?2 (C32) 1uF
Added Member To Class: ClassName=AFE?1 Member=Component C33_AFE?1 (C33) 1uF
Added Member To Class: ClassName=AFE?2 Member=Component C33_AFE?2 (C33) 1uF
Added Member To Class: ClassName=AFE?1 Member=Component C34_AFE?1 (C34) 1uF
Added Member To Class: ClassName=AFE?2 Member=Component C34_AFE?2 (C34) 1uF
Added Member To Class: ClassName=AFE?1 Member=Component C35_AFE?1 (C35) 100nF
Added Member To Class: ClassName=AFE?1 Member=Component C36_AFE?1 (C36) 100nF
Added Member To Class: ClassName=AFE?2 Member=Component C36_AFE?2 (C36) 100nF
Added Member To Class: ClassName=AFE?1 Member=Component C37_AFE?1 (C37) 100nF
Added Member To Class: ClassName=AFE?2 Member=Component C37_AFE?2 (C37) 100nF
Added Member To Class: ClassName=AFE?1 Member=Component C38_AFE?1 (C38) 100nF
Added Member To Class: ClassName=AFE?2 Member=Component C38_AFE?2 (C38) 100nF
Added Member To Class: ClassName=AFE?1 Member=Component C39_AFE?1 (C39) 100nF
Added Member To Class: ClassName=AFE?2 Member=Component C39_AFE?2 (C39) 100nF
Added Member To Class: ClassName=AFE?1 Member=Component C40_AFE?1 (C40) 1uF
Added Member To Class: ClassName=AFE?2 Member=Component C40_AFE?2 (C40) 1uF
Added Member To Class: ClassName=AFE?2 Member=Component C41_AFE?2 (C41) 1uF
Added Member To Class: ClassName=AFE?1 Member=Component C42_AFE?1 (C42) 100nF
Added Member To Class: ClassName=AFE?2 Member=Component C42_AFE?2 (C42) 100nF
Added Member To Class: ClassName=FL?1 Member=Component C43_FL?1 (C43) 470pF
Added Member To Class: ClassName=FL?5 Member=Component C43_FL?5 (C43) 470pF
Added Member To Class: ClassName=FL?6 Member=Component C43_FL?6 (C43) 470pF
Added Member To Class: ClassName=FL?7 Member=Component C43_FL?7 (C43) 470pF
Added Member To Class: ClassName=FL?8 Member=Component C43_FL?8 (C43) 470pF
Added Member To Class: ClassName=FL?9 Member=Component C43_FL?9 (C43) 470pF
Added Member To Class: ClassName=FL?11 Member=Component C43_FL?11 (C43) 470pF
Added Member To Class: ClassName=FL?14 Member=Component C43_FL?14 (C43) 470pF
Added Member To Class: ClassName=FL?16 Member=Component C43_FL?16 (C43) 470pF
Added Member To Class: ClassName=FL?2 Member=Component C44_FL?2 (C44) 470pF
Added Member To Class: ClassName=FL?3 Member=Component C44_FL?3 (C44) 470pF
Added Member To Class: ClassName=FL?4 Member=Component C44_FL?4 (C44) 470pF
Added Member To Class: ClassName=FL?10 Member=Component C44_FL?10 (C44) 470pF
Added Member To Class: ClassName=FL?12 Member=Component C44_FL?12 (C44) 470pF
Added Member To Class: ClassName=FL?13 Member=Component C44_FL?13 (C44) 470pF
Added Member To Class: ClassName=FL?15 Member=Component C44_FL?15 (C44) 470pF
Added Member To Class: ClassName=RF? Member=Component C45 0.8pF
Added Member To Class: ClassName=RF? Member=Component C46 0.3 pF
Added Member To Class: ClassName=RF? Member=Component C47 1 pF
Add Class Member: Failed to add class member : Component D1 PMEG3015EH, 115
Add Class Member: Failed to add class member : Component D2 TVS 5V
Added Member To Class: ClassName=PW? Member=Component IC1 LDO Voltage Regulators 700mA High Speed LDO Regulator   Source:  Datasheet
Added Member To Class: ClassName=EMG_Sensor_Board Member=Component J1 SHF-105-01-L-D-SM
Added Member To Class: ClassName=PW? Member=Component J2 53261-0371
Added Member To Class: ClassName=PW? Member=Component L1 1uH
Added Member To Class: ClassName=MC? Member=Component L2 10 nH
Added Member To Class: ClassName=MC? Member=Component L3 10 nH
Added Member To Class: ClassName=FL?1 Member=Component L4_FL?1 (L4) 15nF
Added Member To Class: ClassName=FL?5 Member=Component L4_FL?5 (L4) 15nF
Added Member To Class: ClassName=FL?6 Member=Component L4_FL?6 (L4) 15nF
Added Member To Class: ClassName=FL?7 Member=Component L4_FL?7 (L4) 15nF
Added Member To Class: ClassName=FL?8 Member=Component L4_FL?8 (L4) 15nF
Added Member To Class: ClassName=FL?10 Member=Component L4_FL?10 (L4) 15nF
Added Member To Class: ClassName=FL?16 Member=Component L4_FL?16 (L4) 15nF
Added Member To Class: ClassName=FL?2 Member=Component L5_FL?2 (L5) 15nF
Added Member To Class: ClassName=FL?3 Member=Component L5_FL?3 (L5) 15nF
Added Member To Class: ClassName=FL?4 Member=Component L5_FL?4 (L5) 15nF
Added Member To Class: ClassName=FL?9 Member=Component L5_FL?9 (L5) 15nF
Added Member To Class: ClassName=FL?11 Member=Component L5_FL?11 (L5) 15nF
Added Member To Class: ClassName=FL?12 Member=Component L5_FL?12 (L5) 15nF
Added Member To Class: ClassName=FL?13 Member=Component L5_FL?13 (L5) 15nF
Added Member To Class: ClassName=FL?14 Member=Component L5_FL?14 (L5) 15nF
Added Member To Class: ClassName=FL?15 Member=Component L5_FL?15 (L5) 15nF
Added Member To Class: ClassName=RF? Member=Component L6 2.7 nH
Added Member To Class: ClassName=PW? Member=Component P2 61300211121
Added Member To Class: ClassName=AFE?1 Member=Component P4_AFE?1 (P4) 61300211121
Added Member To Class: ClassName=AFE?2 Member=Component P4_AFE?2 (P4) 61300211121
Added Member To Class: ClassName=PW? Member=Component R1 10k
Added Member To Class: ClassName=PW? Member=Component R2 2k
Added Member To Class: ClassName=PW? Member=Component R3 0R
Added Member To Class: ClassName=MC? Member=Component R4 100k
Added Member To Class: ClassName=MC? Member=Component R5 100k
Added Member To Class: ClassName=MC? Member=Component R6 100k
Added Member To Class: ClassName=MC? Member=Component R7 100k
Added Member To Class: ClassName=AFE?1 Member=Component R8_AFE?1 (R8) 100k
Added Member To Class: ClassName=AFE?2 Member=Component R9_AFE?2 (R9) 1M
Add Class Member: Failed to add class member : Component T1 DMP1045U
Added Member To Class: ClassName=PW? Member=Component U1 REG710NA-3.3
Add Class Member: Failed to add class member : Component U2 MCP73832
Added Member To Class: ClassName=AFE?1 Member=Component U4_AFE?1 (U4A) ADS1299IPAG
Added Member To Class: ClassName=AFE?2 Member=Component U4_AFE?2 (U4A) ADS1299IPAG
Add Class Member: Failed to add class member : Component X1 MICRO USB B
