Removed Pin From Net: NetName=GND Pin=X1-0
Removed Pin From Net: NetName=GND Pin=X1-0
Removed Pin From Net: NetName=GND Pin=X1-0
Removed Pin From Net: NetName=GND Pin=X1-0
Removed Pin From Net: NetName=GND Pin=X1-0
Removed Pin From Net: NetName=GND Pin=X1-0
Removed Pin From Net: NetName=V_USB Pin=X1-1
Removed Pin From Net: NetName=USB_D_N Pin=X1-2
Removed Pin From Net: NetName=USB_D_P Pin=X1-3
Removed Pin From Net: NetName=GND Pin=X1-5
Removed Member From Class: ClassName=EMG_Sensor_Board Member=X1
Added Component: Designator=J3(FP-USB4110-GF-A-MFG)
Add component (AddParameter): Name = "Automotive"; Value = "No"; VariantName = "[No Variations]"
Add component (AddParameter): Name = "Category"; Value = "Conn"; VariantName = "[No Variations]"
Add component (AddParameter): Name = "ComponentLink2Description"; Value = "Datasheet"; VariantName = "[No Variations]"
Add component (AddParameter): Name = "ComponentLink2URL"; Value = "https://gct.co/files/drawings/usb4110.pdf"; VariantName = "[No Variations]"
Add component (AddParameter): Name = "Conn Orientation"; Value = "Right Angle"; VariantName = "[No Variations]"
Add component (AddParameter): Name = "Contact Material"; Value = "Gold,Nickel"; VariantName = "[No Variations]"
Add component (AddParameter): Name = "Current Rating"; Value = "3/4.25/1.25/0.25A"; VariantName = "[No Variations]"
Add component (AddParameter): Name = "Device Class L1"; Value = "Connectors"; VariantName = "[No Variations]"
Add component (AddParameter): Name = "Device Class L2"; Value = "USB Connectors"; VariantName = "[No Variations]"
Add component (AddParameter): Name = "Device Class L3"; Value = "unset"; VariantName = "[No Variations]"
Add component (AddParameter): Name = "Digikey Description"; Value = "CONN USB 2.0 TYPE-C R/A SMT"; VariantName = "[No Variations]"
Add component (AddParameter): Name = "Height"; Value = "3.46mm"; VariantName = "[No Variations]"
Add component (AddParameter): Name = "Is Female"; Value = "yes"; VariantName = "[No Variations]"
Add component (AddParameter): Name = "Lead Free"; Value = "Yes"; VariantName = "[No Variations]"
Add component (AddParameter): Name = "Manufacturer"; Value = "GCT"; VariantName = "[No Variations]"
Add component (AddParameter): Name = "Manufacturer Part Number"; Value = "USB4110-GF-A"; VariantName = "[No Variations]"
Add component (AddParameter): Name = "Number Of Contacts"; Value = "16"; VariantName = "[No Variations]"
Add component (AddParameter): Name = "Octopart"; Value = "https://octopart.com/usb4110-gf-a-gct-103941985"; VariantName = "[No Variations]"
Add component (AddParameter): Name = "Package"; Value = "0"; VariantName = "[No Variations]"
Add component (AddParameter): Name = "RoHS"; Value = "TRUE"; VariantName = "[No Variations]"
Add component (AddParameter): Name = "Shielding"; Value = "true"; VariantName = "[No Variations]"
Add component (AddParameter): Name = "Standoff Height"; Value = "0.1mm"; VariantName = "[No Variations]"
Add component (AddParameter): Name = "Temperature"; Value = "-40°C to +85°C"; VariantName = "[No Variations]"
Add component (AddParameter): Name = "Temperature Range High"; Value = "+85°C"; VariantName = "[No Variations]"
Add component (AddParameter): Name = "Temperature Range Low"; Value = "-40°C"; VariantName = "[No Variations]"
Add component (AddParameter): Name = "Usb Standard"; Value = "USB 2.0"; VariantName = "[No Variations]"
Add component (AddParameter): Name = "Voltage Rating"; Value = "20V"; VariantName = "[No Variations]"
Added Component: Designator=R24(R-1608 [0603]-M)
Add component (AddParameter): Name = "Supplier 1"; Value = "Mouser"; VariantName = "[No Variations]"
Added Pin To Net: NetName=GND Pin=J3-A1-B12
Added Pin To Net: NetName=V_USB Pin=J3-A4-B9
Added Pin To Net: NetName=USB_D_P Pin=J3-A6
Added Pin To Net: NetName=USB_D_N Pin=J3-A7
Added Pin To Net: NetName=GND Pin=J3-B1-A12
Added Pin To Net: NetName=V_USB Pin=J3-B4-A9
Added Pin To Net: NetName=GND Pin=R24-1
Change Net Color : Old Net Color=RGB(158, 161, 117) New Net Color=Default
Change Net Color : Old Net Color=RGB(158, 161, 117) New Net Color=Default
Change Net Color : Old Net Color=RGB(158, 161, 117) New Net Color=Default
Change Net Color : Old Net Color=RGB(158, 161, 117) New Net Color=Default
Added Pin To Net: NetName=NetJ3_A5 Pin=J3-A5
Added Pin To Net: NetName=NetJ3_A5 Pin=J3-B5
Added Pin To Net: NetName=NetJ3_A5 Pin=R24-2
Added Net: Name=NetJ3_A5
Added Member To Class: ClassName=EMG_Sensor_Board Member=Component J3 USB4110-GF-A
Added Member To Class: ClassName=EMG_Sensor_Board Member=Component R24 5.1k
Added Room: Name=AFE1
Added Room: Name=AFE2
Added Room: Name=FL11
Added Room: Name=FL12
Added Room: Name=FL21
Added Room: Name=FL22
Added Room: Name=FL31
Added Room: Name=FL32
Added Room: Name=FL41
Added Room: Name=FL42
Added Room: Name=FL51
Added Room: Name=FL52
Added Room: Name=FL61
Added Room: Name=FL62
Added Room: Name=FL71
Added Room: Name=FL72
Added Room: Name=FL81
Added Room: Name=FL82
