Removed Pin From Net: NetName=AGND Pin=B5-2
Removed Pin From Net: NetName=AGND Pin=B5-5
Removed Member From Class: ClassName=EMG_Sensor_Board Member=B5
Added Component: Designator=B5_AFE1(ESDA6V1P6)
Add component (AddParameter): Name = "Arrow Part Number"; Value = "ESDA6V1P6"; VariantName = "[No Variations]"
Add component (AddParameter): Name = "Arrow Price/Stock"; Value = "https://www.arrow.com/en/products/esda6v1p6/stmicroelectronics?region=nac"; VariantName = "[No Variations]"
Add component (AddParameter): Name = "Datasheet Link"; Value = "https://www.st.com/resource/en/datasheet/esda14v2bp6.pdf"; VariantName = "[No Variations]"
Add component (AddParameter): Name = "Geometry.Height"; Value = "0.62mm"; VariantName = "[No Variations]"
Add component (AddParameter): Name = "Manufacturer_Name"; Value = "STMicroelectronics"; VariantName = "[No Variations]"
Add component (AddParameter): Name = "Manufacturer_Part_Number"; Value = "ESDA6V1P6"; VariantName = "[No Variations]"
Add component (AddParameter): Name = "Mouser Part Number"; Value = "511-ESDA6V1P6"; VariantName = "[No Variations]"
Add component (AddParameter): Name = "Mouser Price/Stock"; Value = "https://www.mouser.co.uk/ProductDetail/STMicroelectronics/ESDA6V1P6?qs=ewe0KQ%2FSs5H0%252BSAub%2FR2ag%3D%3D"; VariantName = "[No Variations]"
Add component (AddParameter): Name = "Supplier 1"; Value = "Mouser"; VariantName = "[No Variations]"
Add component (AddParameter): Name = "Supplier Part Number 1"; Value = "511-ESDA6V1P6"; VariantName = "[No Variations]"
Added Component: Designator=B5_AFE2(ESDA6V1P6)
Add component (AddParameter): Name = "Arrow Part Number"; Value = "ESDA6V1P6"; VariantName = "[No Variations]"
Add component (AddParameter): Name = "Arrow Price/Stock"; Value = "https://www.arrow.com/en/products/esda6v1p6/stmicroelectronics?region=nac"; VariantName = "[No Variations]"
Add component (AddParameter): Name = "Datasheet Link"; Value = "https://www.st.com/resource/en/datasheet/esda14v2bp6.pdf"; VariantName = "[No Variations]"
Add component (AddParameter): Name = "Geometry.Height"; Value = "0.62mm"; VariantName = "[No Variations]"
Add component (AddParameter): Name = "Manufacturer_Name"; Value = "STMicroelectronics"; VariantName = "[No Variations]"
Add component (AddParameter): Name = "Manufacturer_Part_Number"; Value = "ESDA6V1P6"; VariantName = "[No Variations]"
Add component (AddParameter): Name = "Mouser Part Number"; Value = "511-ESDA6V1P6"; VariantName = "[No Variations]"
Add component (AddParameter): Name = "Mouser Price/Stock"; Value = "https://www.mouser.co.uk/ProductDetail/STMicroelectronics/ESDA6V1P6?qs=ewe0KQ%2FSs5H0%252BSAub%2FR2ag%3D%3D"; VariantName = "[No Variations]"
Add component (AddParameter): Name = "Supplier 1"; Value = "Mouser"; VariantName = "[No Variations]"
Add component (AddParameter): Name = "Supplier Part Number 1"; Value = "511-ESDA6V1P6"; VariantName = "[No Variations]"
Added Pin To Net: NetName=SRB1_AFE1 Pin=B5_AFE1-1
Added Pin To Net: NetName=AGND Pin=B5_AFE1-2
Added Pin To Net: NetName=BIASOUT_AFE1 Pin=B5_AFE1-4
Added Pin To Net: NetName=AGND Pin=B5_AFE1-5
Added Pin To Net: NetName=BIASIN_AFE1 Pin=B5_AFE1-6
Added Pin To Net: NetName=SRB1_AFE2 Pin=B5_AFE2-1
Added Pin To Net: NetName=AGND Pin=B5_AFE2-2
Added Pin To Net: NetName=BIASOUT_AFE2 Pin=B5_AFE2-4
Added Pin To Net: NetName=AGND Pin=B5_AFE2-5
Added Pin To Net: NetName=BIASIN_AFE2 Pin=B5_AFE2-6
Added Member To Class: ClassName=AFE1 Member=Component B5_AFE1 (B5) ESDA6V1P6
Added Member To Class: ClassName=AFE2 Member=Component B5_AFE2 (B5) ESDA6V1P6
