Added Component: Designator=B6(ESDA6V1P6)
Add component (AddParameter): Name = "Arrow Part Number"; Value = "ESDA6V1P6"; VariantName = "[No Variations]"
Add component (AddParameter): Name = "Arrow Price/Stock"; Value = "https://www.arrow.com/en/products/esda6v1p6/stmicroelectronics?region=nac"; VariantName = "[No Variations]"
Add component (AddParameter): Name = "Datasheet Link"; Value = "https://www.st.com/resource/en/datasheet/esda14v2bp6.pdf"; VariantName = "[No Variations]"
Add component (AddParameter): Name = "Geometry.Height"; Value = "0.62mm"; VariantName = "[No Variations]"
Add component (AddParameter): Name = "Manufacturer_Name"; Value = "STMicroelectronics"; VariantName = "[No Variations]"
Add component (AddParameter): Name = "Manufacturer_Part_Number"; Value = "ESDA6V1P6"; VariantName = "[No Variations]"
Add component (AddParameter): Name = "Mouser Part Number"; Value = "511-ESDA6V1P6"; VariantName = "[No Variations]"
Add component (AddParameter): Name = "Mouser Price/Stock"; Value = "https://www.mouser.co.uk/ProductDetail/STMicroelectronics/ESDA6V1P6?qs=ewe0KQ%2FSs5H0%252BSAub%2FR2ag%3D%3D"; VariantName = "[No Variations]"
Added Component: Designator=J12(15916042)
Add component (AddParameter): Name = "Arrow Part Number"; Value = ""; VariantName = "[No Variations]"
Add component (AddParameter): Name = "Arrow Price/Stock"; Value = ""; VariantName = "[No Variations]"
Add component (AddParameter): Name = "Datasheet Link"; Value = "https://componentsearchengine.com/Datasheets/1/15-91-6042.pdf"; VariantName = "[No Variations]"
Add component (AddParameter): Name = "Geometry.Height"; Value = "11.69mm"; VariantName = "[No Variations]"
Add component (AddParameter): Name = "Manufacturer_Name"; Value = "Molex"; VariantName = "[No Variations]"
Add component (AddParameter): Name = "Manufacturer_Part_Number"; Value = "15-91-6042"; VariantName = "[No Variations]"
Add component (AddParameter): Name = "Mouser Part Number"; Value = "538-15-91-6042"; VariantName = "[No Variations]"
Add component (AddParameter): Name = "Mouser Price/Stock"; Value = "https://www.mouser.co.uk/ProductDetail/Molex/15-91-6042?qs=3DzawVMofg8HeBuyct9LCA%3D%3D"; VariantName = "[No Variations]"
Added Pin To Net: NetName=GND Pin=B6-2
Added Pin To Net: NetName=GND Pin=B6-5
Added Pin To Net: NetName=SPI2_CLK Pin=B6-6
Added Pin To Net: NetName=SPI2_CLK Pin=J12-1
Added Net: Name=SPI2_CLK
Add Net: Net with name "SPI2_MISO" already exists
Add Net: Net with name "SPI2_MOSI" already exists
Add Net: Net with name "SPI2_NCS1" already exists
Added Member To Class: ClassName=EMG_Sensor_Board Member=Component B6 ESDA6V1P6
Added Member To Class: ClassName=EMG_Sensor_Board Member=Component J12 15-91-6042
